{
  "stats": {
    "suites": 1,
    "tests": 1,
    "passes": 1,
    "pending": 0,
    "failures": 0,
    "start": "2025-03-14T10:18:07.533Z",
    "end": "2025-03-14T10:18:12.365Z",
    "duration": 4832,
    "testsRegistered": 1,
    "passPercent": 100,
    "pendingPercent": 0,
    "other": 0,
    "hasOther": false,
    "skipped": 0,
    "hasSkipped": false
  },
  "results": [
    {
      "uuid": "f1a25869-675e-4eea-b01d-777ca160b6d7",
      "title": "",
      "fullFile": "cypress/e2e/homePageCookiesManagement.js",
      "file": "cypress/e2e/homePageCookiesManagement.js",
      "beforeHooks": [],
      "afterHooks": [],
      "tests": [],
      "suites": [
        {
          "uuid": "b6947f6d-b91a-4552-960b-fdc738d26753",
          "title": "This test will validate home page cookies for",
          "fullFile": "",
          "file": "",
          "beforeHooks": [],
          "afterHooks": [],
          "tests": [
            {
              "title": "Checks if cookies are manageable without any error on macbook-15 (Qase ID: 1)",
              "fullTitle": "This test will validate home page cookies for Checks if cookies are manageable without any error on macbook-15 (Qase ID: 1)",
              "timedOut": null,
              "duration": 4783,
              "state": "passed",
              "speed": "fast",
              "pass": true,
              "fail": false,
              "pending": false,
              "context": "\"../videos/homePageCookiesManagement.js.mp4\"",
              "code": "cy.validateElement('#cookiebanner').validateElement('.c-button--personalize').validateElement('#popupFullConsent');\ncy.get('#popupFullConsent').click().get('#popupFullConsent').should('not.be.visible');\ncy.get('.c-button--personalize').click({\n  force: true\n}).validateElement('body').validateElement(':nth-child(3) > :nth-child(1) > :nth-child(3) > .detail-btn').validateElement('.cookiebanner-personalize__accept-all').validateElement('.cookiebanner-personalize__close').get('#popupFullConsent').click({\n  force: true\n});\ncy.get('.cookiebanner-personalize__accept-all').get('[id^=bannerFullConsent]').should('not.be.visible');\ncy.get('.c-button--personalize').click({\n  force: true\n}).validateElement('.content > :nth-child(2)').validateElement(':nth-child(2) > :nth-child(2) > .c-checkbox > label');\ncy.validateElement('[id^=CybotCookiebotDialogBodyLevelButton]').get('[type=\"checkbox\"]').first().uncheck({\n  force: true\n}).get('[type=\"checkbox\"]').last().uncheck({\n  force: true\n}).get('[type=\"checkbox\"]').first().check({\n  force: true\n}).get('[type=\"checkbox\"]').last().check({\n  force: true\n});\ncy.get('[type=\"checkbox\"]').last().uncheck({\n  force: true\n}).get('#CybotCookiebotDialogBodyLevelButtonLevelOptinAllowallSelection').click({\n  force: true\n}).get('.cookiebanner-personalize__accept-all').get('[id^=bannerFullConsent]').should('not.be.visible');\ncy.get('.c-button--personalize').click({\n  force: true\n}).validateElement('[id^=CybotCookiebotDialogBodyLevelButton]').get('[type=\"checkbox\"]').first().uncheck({\n  force: true\n}).get('[type=\"checkbox\"]').eq(1).uncheck({\n  force: true\n}).get('[type=\"checkbox\"]').last().uncheck({\n  force: true\n}).get('[type=\"checkbox\"]').last().uncheck({\n  force: true\n}).get('#CybotCookiebotDialogBodyLevelButtonLevelOptinAllowallSelection').click({\n  force: true\n});\ncy.get('#CybotCookiebotDialogBodyLevelButtonLevelOptinAllowallSelection').should('not.be.visible').get('[id^=bannerFullConsent]').should('not.be.visible');",
              "err": {},
              "uuid": "53bdebe0-729d-4321-ab31-513e09c1c9b3",
              "parentUUID": "b6947f6d-b91a-4552-960b-fdc738d26753",
              "isHook": false,
              "skipped": false
            }
          ],
          "suites": [],
          "passes": [
            "53bdebe0-729d-4321-ab31-513e09c1c9b3"
          ],
          "failures": [],
          "pending": [],
          "skipped": [],
          "duration": 4783,
          "root": false,
          "rootEmpty": false,
          "_timeout": 2000
        }
      ],
      "passes": [],
      "failures": [],
      "pending": [],
      "skipped": [],
      "duration": 0,
      "root": true,
      "rootEmpty": true,
      "_timeout": 2000
    }
  ],
  "meta": {
    "mocha": {
      "version": "7.0.1"
    },
    "mochawesome": {
      "options": {
        "quiet": false,
        "reportFilename": "mochawesome",
        "saveHtml": false,
        "saveJson": true,
        "consoleReporter": "spec",
        "useInlineDiffs": false,
        "code": true
      },
      "version": "7.1.3"
    },
    "marge": {
      "options": {
        "id": "default",
        "overwrite": false,
        "html": false,
        "json": true,
        "reportDir": "cypress/reports/html/.jsons"
      },
      "version": "6.2.0"
    }
  }
}