{
  "stats": {
    "suites": 1,
    "tests": 3,
    "passes": 2,
    "pending": 1,
    "failures": 0,
    "start": "2025-03-13T16:41:17.017Z",
    "end": "2025-03-13T16:41:17.084Z",
    "duration": 67,
    "testsRegistered": 3,
    "passPercent": 100,
    "pendingPercent": 33.33333333333333,
    "other": 0,
    "hasOther": false,
    "skipped": 0,
    "hasSkipped": false
  },
  "results": [
    {
      "uuid": "ac448c30-5766-4bd0-ae07-3d0a183d7ae1",
      "title": "",
      "fullFile": "cypress/e2e/qase.js",
      "file": "cypress/e2e/qase.js",
      "beforeHooks": [],
      "afterHooks": [],
      "tests": [],
      "suites": [
        {
          "uuid": "7baa37f5-c338-41bc-974f-06141a77cd16",
          "title": "My First Test",
          "fullFile": "",
          "file": "",
          "beforeHooks": [],
          "afterHooks": [],
          "tests": [
            {
              "title": "Several ids (Qase ID: 1)",
              "fullTitle": "My First Test Several ids (Qase ID: 1)",
              "timedOut": null,
              "duration": 39,
              "state": "passed",
              "speed": "fast",
              "pass": true,
              "fail": false,
              "pending": false,
              "context": "\"../videos/qase.js.mp4\"",
              "code": "_mocha.qase.title('THIS IS A TEST');\nexpect(true).to.equal(true);",
              "err": {},
              "uuid": "9a18a71e-f533-47ef-918e-e1dfa3241691",
              "parentUUID": "7baa37f5-c338-41bc-974f-06141a77cd16",
              "isHook": false,
              "skipped": false
            },
            {
              "title": "Correct test (Qase ID: 2,3)",
              "fullTitle": "My First Test Correct test (Qase ID: 2,3)",
              "timedOut": null,
              "duration": 6,
              "state": "passed",
              "speed": "fast",
              "pass": true,
              "fail": false,
              "pending": false,
              "context": "\"../videos/qase.js.mp4\"",
              "code": "expect(true).to.equal(true);",
              "err": {},
              "uuid": "3a2d4aa4-a29e-49bb-a86f-65fcce22578d",
              "parentUUID": "7baa37f5-c338-41bc-974f-06141a77cd16",
              "isHook": false,
              "skipped": false
            },
            {
              "title": "Skipped test (Qase ID: 4)",
              "fullTitle": "My First Test Skipped test (Qase ID: 4)",
              "timedOut": null,
              "duration": 0,
              "state": "pending",
              "speed": null,
              "pass": false,
              "fail": false,
              "pending": true,
              "context": "\"../videos/qase.js.mp4\"",
              "code": "expect(true).to.equal(true);",
              "err": {},
              "uuid": "4fa7c3dc-2f30-469b-8ec1-0d27a87f725a",
              "parentUUID": "7baa37f5-c338-41bc-974f-06141a77cd16",
              "isHook": false,
              "skipped": false
            }
          ],
          "suites": [],
          "passes": [
            "9a18a71e-f533-47ef-918e-e1dfa3241691",
            "3a2d4aa4-a29e-49bb-a86f-65fcce22578d"
          ],
          "failures": [],
          "pending": [
            "4fa7c3dc-2f30-469b-8ec1-0d27a87f725a"
          ],
          "skipped": [],
          "duration": 45,
          "root": false,
          "rootEmpty": false,
          "_timeout": 2000
        }
      ],
      "passes": [],
      "failures": [],
      "pending": [],
      "skipped": [],
      "duration": 0,
      "root": true,
      "rootEmpty": true,
      "_timeout": 2000
    }
  ],
  "meta": {
    "mocha": {
      "version": "7.0.1"
    },
    "mochawesome": {
      "options": {
        "quiet": false,
        "reportFilename": "mochawesome",
        "saveHtml": false,
        "saveJson": true,
        "consoleReporter": "spec",
        "useInlineDiffs": false,
        "code": true
      },
      "version": "7.1.3"
    },
    "marge": {
      "options": {
        "id": "default",
        "overwrite": false,
        "html": false,
        "json": true,
        "reportDir": "cypress/reports/html/.jsons"
      },
      "version": "6.2.0"
    }
  }
}