{
  "stats": {
    "suites": 1,
    "tests": 1,
    "passes": 1,
    "pending": 0,
    "failures": 0,
    "start": "2025-03-19T11:30:43.259Z",
    "end": "2025-03-19T11:32:35.643Z",
    "duration": 112384,
    "testsRegistered": 1,
    "passPercent": 100,
    "pendingPercent": 0,
    "other": 0,
    "hasOther": false,
    "skipped": 0,
    "hasSkipped": false
  },
  "results": [
    {
      "uuid": "306c2881-7e42-44ed-bfe9-72f14b3ed3ac",
      "title": "",
      "fullFile": "cypress/e2e/Standalones/FO/homePageSearchBarValidation.js",
      "file": "cypress/e2e/Standalones/FO/homePageSearchBarValidation.js",
      "beforeHooks": [],
      "afterHooks": [],
      "tests": [],
      "suites": [
        {
          "uuid": "06827253-9152-484a-aa3c-62136d491f08",
          "title": "Testing home page search bar queries",
          "fullFile": "",
          "file": "",
          "beforeHooks": [],
          "afterHooks": [],
          "tests": [
            {
              "title": "Search for search queries and expect no HTTP errors",
              "fullTitle": "Testing home page search bar queries Search for search queries and expect no HTTP errors",
              "timedOut": null,
              "duration": 112334,
              "state": "passed",
              "speed": "slow",
              "pass": true,
              "fail": false,
              "pending": false,
              "context": "\"../videos/homePageSearchBarValidation.js.mp4\"",
              "code": "cy.fixture('stores').then(stores => {\n  stores.forEach(store => {\n    // Define search queries array\n    let searchQueries = ['bleu', 'LBO', 'batman', 'nike', 'ike', 'N-ke', 'WhatTHEheck323232', 'ttttt----'];\n    // Iterate over each element of the priceRange && productListing arrays\n    searchQueries.forEach(query => {\n      cy.visit(store, {\n        failOnStatusCode: false\n      }, {\n        responseTimeout: 10000\n      }, {\n        followRedirect: true\n      });\n      const textToType = `${query}`;\n      // Make sure algolia.net is called\n      cy.validateElement('[role=\"combobox\"] > input').detachedDomElement('[role=\"combobox\"] > input').clear({\n        force: true\n      }).detachedDomElement('[role=\"combobox\"] > input').click({\n        force: true\n      }).then($input => {\n        Cypress._.each(textToType.split(''), char => {\n          cy.wrap($input).type(char, {\n            delay: 200\n          });\n        });\n      }).waitForFullyLoad(store);\n      // Check if there are any captured interceptions\n      let capturedInterceptions = [];\n      cy.wait(2000).then(() => {\n        if (Array.isArray(capturedInterceptions) && capturedInterceptions.length > 0) {\n          capturedInterceptions.forEach(interception => {\n            expect(interception.response.statusCode).to.be.oneOf([200, 302]);\n          });\n        } else {\n          cy.log(\"No interceptions were captured within the specified timeout.\");\n        }\n      });\n      // Make an HTTP request to the search URL && check the response status code\n      cy.request('GET', `/search/${query}`).then(response => {\n        expect(response.status).to.not.be.oneOf([400, 404, 500, 503]);\n      }).wait(1000);\n    });\n  });\n});",
              "err": {},
              "uuid": "ee2f5ce7-8416-488e-ba6e-a7ebb48016ea",
              "parentUUID": "06827253-9152-484a-aa3c-62136d491f08",
              "isHook": false,
              "skipped": false
            }
          ],
          "suites": [],
          "passes": [
            "ee2f5ce7-8416-488e-ba6e-a7ebb48016ea"
          ],
          "failures": [],
          "pending": [],
          "skipped": [],
          "duration": 112334,
          "root": false,
          "rootEmpty": false,
          "_timeout": 2000
        }
      ],
      "passes": [],
      "failures": [],
      "pending": [],
      "skipped": [],
      "duration": 0,
      "root": true,
      "rootEmpty": true,
      "_timeout": 2000
    }
  ],
  "meta": {
    "mocha": {
      "version": "7.0.1"
    },
    "mochawesome": {
      "options": {
        "quiet": false,
        "reportFilename": "mochawesome",
        "saveHtml": false,
        "saveJson": true,
        "consoleReporter": "spec",
        "useInlineDiffs": false,
        "code": true
      },
      "version": "7.1.3"
    },
    "marge": {
      "options": {
        "reportDir": "cypress/reports",
        "overwrite": false,
        "html": false,
        "json": true,
        "charts": true,
        "reportPageTitle": "Cypress Nuxt Front : Report",
        "inlineAssets": true
      },
      "version": "6.2.0"
    }
  }
}