{
  "stats": {
    "suites": 2,
    "tests": 2,
    "passes": 2,
    "pending": 0,
    "failures": 0,
    "start": "2025-05-05T12:23:12.784Z",
    "end": "2025-05-05T12:25:21.434Z",
    "duration": 128650,
    "testsRegistered": 2,
    "passPercent": 100,
    "pendingPercent": 0,
    "other": 0,
    "hasOther": false,
    "skipped": 0,
    "hasSkipped": false
  },
  "results": [
    {
      "uuid": "a7e8260f-356d-4606-821f-0a73287cbd2b",
      "title": "",
      "fullFile": "cypress/e2e/Standalones/FO/homePageMainMenuListing.js",
      "file": "cypress/e2e/Standalones/FO/homePageMainMenuListing.js",
      "beforeHooks": [],
      "afterHooks": [],
      "tests": [],
      "suites": [
        {
          "uuid": "498e605d-6fab-443d-a127-49d8bea326d1",
          "title": "Testing home page main menu product listing queries on https://www.preprod.laboutiqueofficielle.com",
          "fullFile": "",
          "file": "",
          "beforeHooks": [],
          "afterHooks": [],
          "tests": [
            {
              "title": "Validates HTTP responses for links on https://www.preprod.laboutiqueofficielle.com",
              "fullTitle": "Testing home page main menu product listing queries on https://www.preprod.laboutiqueofficielle.com Validates HTTP responses for links on https://www.preprod.laboutiqueofficielle.com",
              "timedOut": null,
              "duration": 73524,
              "state": "passed",
              "speed": "slow",
              "pass": true,
              "fail": false,
              "pending": false,
              "context": "\"../videos/homePageMainMenuListing.js.mp4\"",
              "code": "cy.wrap(hrefLinks).then(links => {\n  const batchSize = 250;\n  // Process links in batches (handling async requests in node context)\n  Cypress._.chunk(links, batchSize).forEach((batchLinks, batchIndex) => {\n    cy.task('batchRequest', {\n      baseUrl: url,\n      paths: batchLinks\n    }, {\n      timeout: 120000\n    }).then(responses => {\n      responses.forEach(({\n        href,\n        status\n      }, index) => {\n        const linkIndex = batchIndex * batchSize + index + 1;\n        cy.log(`Visited href ${linkIndex}: ${href}`);\n        // Validate HTTP status\n        if (status) {\n          expect(status).to.not.be.oneOf([400, 401, 403, 404, 500, 502, 503]);\n          expect(status).to.be.oneOf([200, 301, 302]);\n        } else {\n          cy.log(`Empty HTTP response for ${href}, skipping...`);\n        }\n        cy.validateElement('[data-cy=\"home-page-main-menu\"]');\n      });\n    });\n  });\n});",
              "err": {},
              "uuid": "49b28601-560a-4805-af48-214d7491802a",
              "parentUUID": "498e605d-6fab-443d-a127-49d8bea326d1",
              "isHook": false,
              "skipped": false
            }
          ],
          "suites": [],
          "passes": [
            "49b28601-560a-4805-af48-214d7491802a"
          ],
          "failures": [],
          "pending": [],
          "skipped": [],
          "duration": 73524,
          "root": false,
          "rootEmpty": false,
          "_timeout": 2000
        },
        {
          "uuid": "37813850-1d15-4223-aac6-af70c0334eef",
          "title": "Testing home page main menu product listing queries on https://www.preprod.ryses.es",
          "fullFile": "",
          "file": "",
          "beforeHooks": [],
          "afterHooks": [],
          "tests": [
            {
              "title": "Validates HTTP responses for links on https://www.preprod.ryses.es",
              "fullTitle": "Testing home page main menu product listing queries on https://www.preprod.ryses.es Validates HTTP responses for links on https://www.preprod.ryses.es",
              "timedOut": null,
              "duration": 52632,
              "state": "passed",
              "speed": "slow",
              "pass": true,
              "fail": false,
              "pending": false,
              "context": "\"../videos/homePageMainMenuListing.js.mp4\"",
              "code": "cy.wrap(hrefLinks).then(links => {\n  const batchSize = 250;\n  // Process links in batches (handling async requests in node context)\n  Cypress._.chunk(links, batchSize).forEach((batchLinks, batchIndex) => {\n    cy.task('batchRequest', {\n      baseUrl: url,\n      paths: batchLinks\n    }, {\n      timeout: 120000\n    }).then(responses => {\n      responses.forEach(({\n        href,\n        status\n      }, index) => {\n        const linkIndex = batchIndex * batchSize + index + 1;\n        cy.log(`Visited href ${linkIndex}: ${href}`);\n        // Validate HTTP status\n        if (status) {\n          expect(status).to.not.be.oneOf([400, 401, 403, 404, 500, 502, 503]);\n          expect(status).to.be.oneOf([200, 301, 302]);\n        } else {\n          cy.log(`Empty HTTP response for ${href}, skipping...`);\n        }\n        cy.validateElement('[data-cy=\"home-page-main-menu\"]');\n      });\n    });\n  });\n});",
              "err": {},
              "uuid": "7dacf535-5ed3-4cd1-ab8e-5324dc6ec8e5",
              "parentUUID": "37813850-1d15-4223-aac6-af70c0334eef",
              "isHook": false,
              "skipped": false
            }
          ],
          "suites": [],
          "passes": [
            "7dacf535-5ed3-4cd1-ab8e-5324dc6ec8e5"
          ],
          "failures": [],
          "pending": [],
          "skipped": [],
          "duration": 52632,
          "root": false,
          "rootEmpty": false,
          "_timeout": 2000
        }
      ],
      "passes": [],
      "failures": [],
      "pending": [],
      "skipped": [],
      "duration": 0,
      "root": true,
      "rootEmpty": true,
      "_timeout": 2000
    }
  ],
  "meta": {
    "mocha": {
      "version": "7.2.0"
    },
    "mochawesome": {
      "options": {
        "quiet": false,
        "reportFilename": "mochawesome",
        "saveHtml": false,
        "saveJson": true,
        "consoleReporter": "spec",
        "useInlineDiffs": false,
        "code": true
      },
      "version": "7.1.3"
    },
    "marge": {
      "options": {
        "reportDir": "cypress/reports",
        "overwrite": false,
        "html": false,
        "json": true,
        "charts": true,
        "reportPageTitle": "Cypress Nuxt Front : Report",
        "inlineAssets": true
      },
      "version": "6.2.0"
    }
  }
}