{
  "stats": {
    "suites": 2,
    "tests": 2,
    "passes": 1,
    "pending": 0,
    "failures": 1,
    "start": "2025-05-21T06:37:32.302Z",
    "end": "2025-05-21T06:39:39.934Z",
    "duration": 127632,
    "testsRegistered": 2,
    "passPercent": 50,
    "pendingPercent": 0,
    "other": 0,
    "hasOther": false,
    "skipped": 0,
    "hasSkipped": false
  },
  "results": [
    {
      "uuid": "1ddedd5a-9386-4c51-a017-1eeeb942011a",
      "title": "",
      "fullFile": "cypress/e2e/Standalones/FO/hybridcheckoutGiftCardAndFCC.js",
      "file": "cypress/e2e/Standalones/FO/hybridcheckoutGiftCardAndFCC.js",
      "beforeHooks": [],
      "afterHooks": [],
      "tests": [],
      "suites": [
        {
          "uuid": "46e41f82-0ad9-4d53-93bf-f2dc878ae319",
          "title": "addNewAccount.js: call LBO front-office subscription form, env de test",
          "fullFile": "",
          "file": "",
          "beforeHooks": [],
          "afterHooks": [],
          "tests": [
            {
              "title": "Add a new subscription (client) process on macbook-15",
              "fullTitle": "addNewAccount.js: call LBO front-office subscription form, env de test Add a new subscription (client) process on macbook-15",
              "timedOut": null,
              "duration": 47830,
              "state": "passed",
              "speed": "slow",
              "pass": true,
              "fail": false,
              "pending": false,
              "context": "\"../videos/hybridcheckoutGiftCardAndFCC.js.mp4\"",
              "code": "cy.fixture('stores').then(stores => {\n  stores.forEach(store => {\n    cy.visit(store);\n    cy.acceptCookies();\n    cy.visit(`${store}/login?mode=connection`, {\n      failOnStatusCode: false\n    });\n    cy.validateElement('[data-cy=customer-registration]').wait(2000);\n    cy.get('[data-cy=customer-registration]').click({\n      force: true\n    });\n    cy.url().should('contain', 'login?mode=connection');\n    // Customer registration\n    cy.acceptCookies();\n    cy.customInfo();\n    // Confirm subscription\n    cy.validateElement('[data-cy=submit] > .c-btn');\n    cy.get('[data-cy=submit] > .c-btn').click({\n      force: true\n    });\n    cy.wait(3000); /* TO KEEP FOR CI TESTS */\n    cy.validateElement('.c-form-message');\n  });\n});",
              "err": {},
              "uuid": "f5fecf8a-030b-4c8a-bcd8-7451fcbaa09c",
              "parentUUID": "46e41f82-0ad9-4d53-93bf-f2dc878ae319",
              "isHook": false,
              "skipped": false
            }
          ],
          "suites": [],
          "passes": [
            "f5fecf8a-030b-4c8a-bcd8-7451fcbaa09c"
          ],
          "failures": [],
          "pending": [],
          "skipped": [],
          "duration": 47830,
          "root": false,
          "rootEmpty": false,
          "_timeout": 2000
        },
        {
          "uuid": "a2e19a62-7ee9-48a9-88e0-c2242c876211",
          "title": "Validate hybrid gift card checkout process and GC + frictionless payment",
          "fullFile": "",
          "file": "",
          "beforeHooks": [],
          "afterHooks": [],
          "tests": [
            {
              "title": "Navigate and test checkout process on viewport: macbook-15",
              "fullTitle": "Validate hybrid gift card checkout process and GC + frictionless payment Navigate and test checkout process on viewport: macbook-15",
              "timedOut": null,
              "duration": 79171,
              "state": "failed",
              "speed": null,
              "pass": false,
              "fail": true,
              "pending": false,
              "context": "[\n  \"../screenshots/hybridcheckoutGiftCardAndFCC.js/Validate hybrid gift card checkout process and GC + frictionless payment -- Navigate and test checkout process on viewport macbook-15 (failed).png\",\n  \"../videos/hybridcheckoutGiftCardAndFCC.js.mp4\"\n]",
              "code": "cy.fixture('shippingInfo.json').then(({\n  FRANCE\n}) => {\n  cy.fixture('stores').then(stores => {\n    // Filter stores to only include the FRANCE store (only store available for this test)\n    const franceStores = stores.filter(store => store.includes(FRANCE.storeUrl));\n    franceStores.forEach(store => {\n      cy.visit(store, {\n        failOnStatusCode: false,\n        responseTimeout: 10000,\n        followRedirect: true\n      });\n      cy.acceptCookies();\n      cy.customLogin();\n      cy.addShippingAddress();\n      cy.listingApiCalls();\n      cy.commonApiInterception();\n      Cypress._.times(Cypress.env('numberOfRuns'), () => cy.basketCreationProcess({\n        store\n      }));\n      cy.visit(store + '/account', {\n        failOnStatusCode: false,\n        responseTimeout: 10000,\n        followRedirect: true\n      });\n      // Activate gift card (only once here)\n      for (let i = 0; i < 2; i++) {\n        activateGiftCardPinCode();\n      }\n      // Proceed with checkout after gift card is applied\n      cy.basketValidation();\n      cy.selectShippingMethod();\n      cy.intercept('GET', '**/v4/secure/checkout/payments/available/**').as('basketDataValidation');\n      cy.intercept('POST', 'https://stage-data.hipay.com/checkout-data').as('hipayDataValidation');\n      cy.validateVoucherSelection();\n      cy.creditVoucherPayment();\n      cy.validateVoucherPaymentConfirmation();\n    });\n  });\n});",
              "err": {
                "message": "AssertionError: Timed out retrying after 30800ms: expected '<input#giftCardCode>' to have value 'WRB-31S-D6S-7ZS', but the value was 'RB3-1SD-6S7-ZS'",
                "estack": "AssertionError: Timed out retrying after 30800ms: expected '<input#giftCardCode>' to have value 'WRB-31S-D6S-7ZS', but the value was 'RB3-1SD-6S7-ZS'\n    at Context.eval (webpack://cypress-automation/./cypress/e2e/Standalones/FO/hybridcheckoutGiftCardAndFCC.js:52:21)\n    at getRet (https://www.preprod.laboutiqueofficielle.com/__cypress/runner/cypress_runner.js:119616:20)\n    at tryCatcher (https://www.preprod.laboutiqueofficielle.com/__cypress/runner/cypress_runner.js:1777:23)\n    at Promise.attempt.Promise.try (https://www.preprod.laboutiqueofficielle.com/__cypress/runner/cypress_runner.js:4285:29)\n    at Context.thenFn (https://www.preprod.laboutiqueofficielle.com/__cypress/runner/cypress_runner.js:119627:66)\n    at Context.then (https://www.preprod.laboutiqueofficielle.com/__cypress/runner/cypress_runner.js:119878:21)\n    at wrapped (https://www.preprod.laboutiqueofficielle.com/__cypress/runner/cypress_runner.js:140173:19)",
                "diff": "- 'RB3-1SD-6S7-ZS'\n+ 'WRB-31S-D6S-7ZS'\n"
              },
              "uuid": "c39a11e6-0184-4309-ad69-cf7f906f73ce",
              "parentUUID": "a2e19a62-7ee9-48a9-88e0-c2242c876211",
              "isHook": false,
              "skipped": false
            }
          ],
          "suites": [],
          "passes": [],
          "failures": [
            "c39a11e6-0184-4309-ad69-cf7f906f73ce"
          ],
          "pending": [],
          "skipped": [],
          "duration": 79171,
          "root": false,
          "rootEmpty": false,
          "_timeout": 2000
        }
      ],
      "passes": [],
      "failures": [],
      "pending": [],
      "skipped": [],
      "duration": 0,
      "root": true,
      "rootEmpty": true,
      "_timeout": 2000
    }
  ],
  "meta": {
    "mocha": {
      "version": "7.2.0"
    },
    "mochawesome": {
      "options": {
        "quiet": false,
        "reportFilename": "mochawesome",
        "saveHtml": false,
        "saveJson": true,
        "consoleReporter": "spec",
        "useInlineDiffs": false,
        "code": true
      },
      "version": "7.1.3"
    },
    "marge": {
      "options": {
        "reportDir": "cypress/reports",
        "overwrite": false,
        "html": false,
        "json": true,
        "charts": true,
        "reportPageTitle": "Cypress Nuxt Front : Report",
        "inlineAssets": true
      },
      "version": "6.2.0"
    }
  }
}