{
  "stats": {
    "suites": 2,
    "tests": 2,
    "passes": 2,
    "pending": 0,
    "failures": 0,
    "start": "2025-04-15T06:13:53.866Z",
    "end": "2025-04-15T06:17:41.967Z",
    "duration": 228101,
    "testsRegistered": 2,
    "passPercent": 100,
    "pendingPercent": 0,
    "other": 0,
    "hasOther": false,
    "skipped": 0,
    "hasSkipped": false
  },
  "results": [
    {
      "uuid": "3353f7da-13ed-4aaf-8bb0-4f12d2622b3f",
      "title": "",
      "fullFile": "cypress/e2e/Standalones/FO/checkoutCheck.js",
      "file": "cypress/e2e/Standalones/FO/checkoutCheck.js",
      "beforeHooks": [],
      "afterHooks": [],
      "tests": [],
      "suites": [
        {
          "uuid": "6a440c8d-7811-4154-b98f-3758e8b39627",
          "title": "addNewAccount.js: call LBO front-office subscription form, env de test",
          "fullFile": "",
          "file": "",
          "beforeHooks": [],
          "afterHooks": [],
          "tests": [
            {
              "title": "Add a new subscription (client) process on macbook-15",
              "fullTitle": "addNewAccount.js: call LBO front-office subscription form, env de test Add a new subscription (client) process on macbook-15",
              "timedOut": null,
              "duration": 49806,
              "state": "passed",
              "speed": "slow",
              "pass": true,
              "fail": false,
              "pending": false,
              "context": "\"../videos/checkoutCheck.js.mp4\"",
              "code": "cy.fixture('stores').then(stores => {\n  stores.forEach(store => {\n    cy.visit(store);\n    cy.acceptCookies();\n    cy.visit(`${store}/login?mode=connection`, {\n      failOnStatusCode: false\n    });\n    cy.validateElement('[data-cy=customer-registration]').wait(2000);\n    cy.get('[data-cy=customer-registration]').click({\n      force: true\n    });\n    cy.url().should('contain', 'login?mode=connection');\n    // Customer registration\n    cy.acceptCookies();\n    cy.customInfo();\n    // Confirm subscription\n    cy.validateElement('[data-cy=submit] > .c-btn');\n    cy.get('[data-cy=submit] > .c-btn').click({\n      force: true\n    });\n    cy.wait(3000); /* TO KEEP FOR CI TESTS */\n    cy.validateElement('.c-form-message');\n  });\n});",
              "err": {},
              "uuid": "4e47550c-2940-437a-bbae-963f2ef7fa86",
              "parentUUID": "6a440c8d-7811-4154-b98f-3758e8b39627",
              "isHook": false,
              "skipped": false
            }
          ],
          "suites": [],
          "passes": [
            "4e47550c-2940-437a-bbae-963f2ef7fa86"
          ],
          "failures": [],
          "pending": [],
          "skipped": [],
          "duration": 49806,
          "root": false,
          "rootEmpty": false,
          "_timeout": 2000
        },
        {
          "uuid": "67695cab-04ae-4e98-94e0-d1d2d231acc7",
          "title": "Validating BANK CHECK checkout process",
          "fullFile": "",
          "file": "",
          "beforeHooks": [],
          "afterHooks": [],
          "tests": [
            {
              "title": "Proceeding with checkout on macbook-15",
              "fullTitle": "Validating BANK CHECK checkout process Proceeding with checkout on macbook-15",
              "timedOut": null,
              "duration": 177613,
              "state": "passed",
              "speed": "slow",
              "pass": true,
              "fail": false,
              "pending": false,
              "context": "\"../videos/checkoutCheck.js.mp4\"",
              "code": "cy.fixture('stores').then(stores => {\n  stores.forEach(store => {\n    cy.visit(store, {\n      failOnStatusCode: false,\n      responseTimeout: 10000,\n      followRedirect: true\n    });\n    cy.acceptCookies();\n    cy.customLogin();\n    cy.listingApiCalls();\n    cy.commonApiInterception();\n    cy.addShippingAddress();\n    cy.addProductToBasket();\n    cy.productSizer();\n    cy.basketValidation();\n    cy.selectShippingMethod(store);\n    cy.passiveCheckoutCheck(store);\n  });\n});",
              "err": {},
              "uuid": "ee787cd1-4621-4225-b913-795d82a8966c",
              "parentUUID": "67695cab-04ae-4e98-94e0-d1d2d231acc7",
              "isHook": false,
              "skipped": false
            }
          ],
          "suites": [],
          "passes": [
            "ee787cd1-4621-4225-b913-795d82a8966c"
          ],
          "failures": [],
          "pending": [],
          "skipped": [],
          "duration": 177613,
          "root": false,
          "rootEmpty": false,
          "_timeout": 2000
        }
      ],
      "passes": [],
      "failures": [],
      "pending": [],
      "skipped": [],
      "duration": 0,
      "root": true,
      "rootEmpty": true,
      "_timeout": 2000
    }
  ],
  "meta": {
    "mocha": {
      "version": "7.0.1"
    },
    "mochawesome": {
      "options": {
        "quiet": false,
        "reportFilename": "mochawesome",
        "saveHtml": false,
        "saveJson": true,
        "consoleReporter": "spec",
        "useInlineDiffs": false,
        "code": true
      },
      "version": "7.1.3"
    },
    "marge": {
      "options": {
        "reportDir": "cypress/reports",
        "overwrite": false,
        "html": false,
        "json": true,
        "charts": true,
        "reportPageTitle": "Cypress Nuxt Front : Report",
        "inlineAssets": true
      },
      "version": "6.2.0"
    }
  }
}