{
  "stats": {
    "suites": 2,
    "tests": 10,
    "passes": 10,
    "pending": 0,
    "failures": 0,
    "start": "2025-03-12T17:34:46.193Z",
    "end": "2025-03-12T17:37:03.154Z",
    "duration": 136961,
    "testsRegistered": 10,
    "passPercent": 100,
    "pendingPercent": 0,
    "other": 0,
    "hasOther": false,
    "skipped": 0,
    "hasSkipped": false
  },
  "results": [
    {
      "uuid": "36a097b0-4bea-485b-9caf-fad3b37fa178",
      "title": "",
      "fullFile": "cypress/e2e/Classic/contactUs.js",
      "file": "cypress/e2e/Classic/contactUs.js",
      "beforeHooks": [],
      "afterHooks": [],
      "tests": [],
      "suites": [
        {
          "uuid": "1aaf25da-b9e4-46a7-a3ff-73e331680b0e",
          "title": "ContactUs.js: call front-office contact_us form for https://www.preprod.laboutiqueofficielle.com",
          "fullFile": "",
          "file": "",
          "beforeHooks": [],
          "afterHooks": [],
          "tests": [
            {
              "title": "Send a correct & complete message for https://www.preprod.laboutiqueofficielle.com",
              "fullTitle": "ContactUs.js: call front-office contact_us form for https://www.preprod.laboutiqueofficielle.com Send a correct & complete message for https://www.preprod.laboutiqueofficielle.com",
              "timedOut": null,
              "duration": 13742,
              "state": "passed",
              "speed": "slow",
              "pass": true,
              "fail": false,
              "pending": false,
              "context": "\"../videos/contactUs.js.mp4\"",
              "code": "// Fill up the contact form\ncontactUsFormAssertionValidations();\ntextInsertionWarmpUpDummy();\ncy.get('[data-cy=\"name\"]').type(Cypress.env('custom_lastname'));\ncy.get('[data-cy=\"firstname\"]').type(Cypress.env('custom_firstname'));\ncy.get('[data-cy=\"email\"]').type(this.data.custom_email);\ncy.get('[data-cy=\"message\"]').type('This test is awsome :)');\nselectContactRequestReason();\ncy.validateElement('[data-cy=\"submit\"]').get('[data-cy=\"submit\"]').click({\n  force: true\n});\n// Automatic reply ==> [TO KEEP] /!\\ BUG FIX IS STILL IN PROGRESS /!\\\n/*cy.validateElement('[data-cy=\"submitMessage\"]')\ncy.get('[data-cy=\"submitMessage\"]').should('exist')*/",
              "err": {},
              "uuid": "4d93b09c-4f76-4129-beb2-5614eff5eba0",
              "parentUUID": "1aaf25da-b9e4-46a7-a3ff-73e331680b0e",
              "isHook": false,
              "skipped": false
            },
            {
              "title": "Send a message without customer surname for https://www.preprod.laboutiqueofficielle.com",
              "fullTitle": "ContactUs.js: call front-office contact_us form for https://www.preprod.laboutiqueofficielle.com Send a message without customer surname for https://www.preprod.laboutiqueofficielle.com",
              "timedOut": null,
              "duration": 14288,
              "state": "passed",
              "speed": "slow",
              "pass": true,
              "fail": false,
              "pending": false,
              "context": "\"../videos/contactUs.js.mp4\"",
              "code": "contactUsFormAssertionValidations();\ntextInsertionWarmpUpDummy();\n// Fill up the contact form && submit\ncy.get('[data-cy=\"firstname\"]').type(Cypress.env('custom_firstname')).get('[data-cy=\"email\"]').type(this.data.custom_email).get('[data-cy=\"message\"]').type(' Where is your customer surname? :( ').get('[data-cy=\"submit\"]').click({\n  force: true\n}).get('[data-cy=\"name\"]').should('have.length', 1).get('[data-cy=\"submitMessage\"]').should('not.exist');",
              "err": {},
              "uuid": "eeba3031-f649-4822-94f9-395723b5a4e3",
              "parentUUID": "1aaf25da-b9e4-46a7-a3ff-73e331680b0e",
              "isHook": false,
              "skipped": false
            },
            {
              "title": "Send a message without customer first name for https://www.preprod.laboutiqueofficielle.com",
              "fullTitle": "ContactUs.js: call front-office contact_us form for https://www.preprod.laboutiqueofficielle.com Send a message without customer first name for https://www.preprod.laboutiqueofficielle.com",
              "timedOut": null,
              "duration": 12995,
              "state": "passed",
              "speed": "slow",
              "pass": true,
              "fail": false,
              "pending": false,
              "context": "\"../videos/contactUs.js.mp4\"",
              "code": "contactUsFormAssertionValidations();\ntextInsertionWarmpUpDummy();\n// Fill up the contact form && submit\ncy.get('[data-cy=\"name\"]').type(Cypress.env('custom_lastname')).validateElement('[data-cy=\"firstname\"]').get('[data-cy=\"email\"]').type(this.data.custom_email).get('[data-cy=\"message\"]').type(' Where is your customer first name? :( ').get('[data-cy=\"submit\"]').click({\n  force: true\n}).get('[data-cy=\"firstname\"]').should('have.length', 1).get('[data-cy=\"submitMessage\"]').should('not.exist');",
              "err": {},
              "uuid": "a8311027-3085-4ead-a4db-1065bb5b7a16",
              "parentUUID": "1aaf25da-b9e4-46a7-a3ff-73e331680b0e",
              "isHook": false,
              "skipped": false
            },
            {
              "title": "Send a message with an email wrongly formatted AND/OR without any email for https://www.preprod.laboutiqueofficielle.com",
              "fullTitle": "ContactUs.js: call front-office contact_us form for https://www.preprod.laboutiqueofficielle.com Send a message with an email wrongly formatted AND/OR without any email for https://www.preprod.laboutiqueofficielle.com",
              "timedOut": null,
              "duration": 13625,
              "state": "passed",
              "speed": "slow",
              "pass": true,
              "fail": false,
              "pending": false,
              "context": "\"../videos/contactUs.js.mp4\"",
              "code": "contactUsFormAssertionValidations();\ntextInsertionWarmpUpDummy();\n// Fill up the contact form\ncy.get('[data-cy=\"name\"]').type(Cypress.env('custom_lastname')).get('[data-cy=\"firstname\"]').type(Cypress.env('custom_firstname'));\n// Email REGEX valid format\nconst uuid = () => Cypress._.random(0, 1e6);\nconst RANDOM = uuid();\nvar EMAIL_REGEX_CHECK = /^[a-zA-Z0-9.!#$%&'*+/=?^_`{|}~-]+@[a-zA-Z0-9-]+(?:\\.[a-zA-Z0-9-]+)*$/;\ncy.get('[data-cy=\"email\"]').type('test' + RANDOM + '@gmail').get('[data-cy=\"email\"]').invoke('val').should('match', EMAIL_REGEX_CHECK).get('[data-cy=\"message\"]').type(' Where is your customer email @ ? :( ');\n// select a reason and submit\nselectContactRequestReason();\ncy.get('[data-cy=\"submit\"]').click({\n  force: true\n}).get('[data-cy=\"submitMessage\"]').should('not.exist');",
              "err": {},
              "uuid": "2d1b0605-ba04-4c77-8bde-dc4aa53d0380",
              "parentUUID": "1aaf25da-b9e4-46a7-a3ff-73e331680b0e",
              "isHook": false,
              "skipped": false
            },
            {
              "title": "Send a message without any body for https://www.preprod.laboutiqueofficielle.com",
              "fullTitle": "ContactUs.js: call front-office contact_us form for https://www.preprod.laboutiqueofficielle.com Send a message without any body for https://www.preprod.laboutiqueofficielle.com",
              "timedOut": null,
              "duration": 12816,
              "state": "passed",
              "speed": "slow",
              "pass": true,
              "fail": false,
              "pending": false,
              "context": "\"../videos/contactUs.js.mp4\"",
              "code": "contactUsFormAssertionValidations();\ntextInsertionWarmpUpDummy();\n// Fill up the contact form\ncy.get('[data-cy=\"name\"]').type(Cypress.env('custom_lastname'));\ncy.get('[data-cy=\"firstname\"]').type(Cypress.env('custom_firstname'));\ncy.get('[data-cy=\"email\"]').type(this.data.custom_email);\n// select a reason and submit\nselectContactRequestReason();\ncy.get('[data-cy=\"submit\"]').click({\n  force: true\n}).get('[data-cy=\"submitMessage\"]').should('not.exist');",
              "err": {},
              "uuid": "50aca8df-952f-4de2-ac04-145c2ceaa6d6",
              "parentUUID": "1aaf25da-b9e4-46a7-a3ff-73e331680b0e",
              "isHook": false,
              "skipped": false
            }
          ],
          "suites": [],
          "passes": [
            "4d93b09c-4f76-4129-beb2-5614eff5eba0",
            "eeba3031-f649-4822-94f9-395723b5a4e3",
            "a8311027-3085-4ead-a4db-1065bb5b7a16",
            "2d1b0605-ba04-4c77-8bde-dc4aa53d0380",
            "50aca8df-952f-4de2-ac04-145c2ceaa6d6"
          ],
          "failures": [],
          "pending": [],
          "skipped": [],
          "duration": 67466,
          "root": false,
          "rootEmpty": false,
          "_timeout": 2000
        },
        {
          "uuid": "deaece4e-4944-46e3-8665-3d0173e03449",
          "title": "ContactUs.js: call front-office contact_us form for https://www.preprod.ryses.es",
          "fullFile": "",
          "file": "",
          "beforeHooks": [],
          "afterHooks": [],
          "tests": [
            {
              "title": "Send a correct & complete message for https://www.preprod.ryses.es",
              "fullTitle": "ContactUs.js: call front-office contact_us form for https://www.preprod.ryses.es Send a correct & complete message for https://www.preprod.ryses.es",
              "timedOut": null,
              "duration": 13539,
              "state": "passed",
              "speed": "slow",
              "pass": true,
              "fail": false,
              "pending": false,
              "context": "\"../videos/contactUs.js.mp4\"",
              "code": "// Fill up the contact form\ncontactUsFormAssertionValidations();\ntextInsertionWarmpUpDummy();\ncy.get('[data-cy=\"name\"]').type(Cypress.env('custom_lastname'));\ncy.get('[data-cy=\"firstname\"]').type(Cypress.env('custom_firstname'));\ncy.get('[data-cy=\"email\"]').type(this.data.custom_email);\ncy.get('[data-cy=\"message\"]').type('This test is awsome :)');\nselectContactRequestReason();\ncy.validateElement('[data-cy=\"submit\"]').get('[data-cy=\"submit\"]').click({\n  force: true\n});\n// Automatic reply ==> [TO KEEP] /!\\ BUG FIX IS STILL IN PROGRESS /!\\\n/*cy.validateElement('[data-cy=\"submitMessage\"]')\ncy.get('[data-cy=\"submitMessage\"]').should('exist')*/",
              "err": {},
              "uuid": "012d87f4-f900-4184-bcf2-2e37b5c44dd7",
              "parentUUID": "deaece4e-4944-46e3-8665-3d0173e03449",
              "isHook": false,
              "skipped": false
            },
            {
              "title": "Send a message without customer surname for https://www.preprod.ryses.es",
              "fullTitle": "ContactUs.js: call front-office contact_us form for https://www.preprod.ryses.es Send a message without customer surname for https://www.preprod.ryses.es",
              "timedOut": null,
              "duration": 13365,
              "state": "passed",
              "speed": "slow",
              "pass": true,
              "fail": false,
              "pending": false,
              "context": "\"../videos/contactUs.js.mp4\"",
              "code": "contactUsFormAssertionValidations();\ntextInsertionWarmpUpDummy();\n// Fill up the contact form && submit\ncy.get('[data-cy=\"firstname\"]').type(Cypress.env('custom_firstname')).get('[data-cy=\"email\"]').type(this.data.custom_email).get('[data-cy=\"message\"]').type(' Where is your customer surname? :( ').get('[data-cy=\"submit\"]').click({\n  force: true\n}).get('[data-cy=\"name\"]').should('have.length', 1).get('[data-cy=\"submitMessage\"]').should('not.exist');",
              "err": {},
              "uuid": "db6c601b-d652-4067-8b40-10269d128e76",
              "parentUUID": "deaece4e-4944-46e3-8665-3d0173e03449",
              "isHook": false,
              "skipped": false
            },
            {
              "title": "Send a message without customer first name for https://www.preprod.ryses.es",
              "fullTitle": "ContactUs.js: call front-office contact_us form for https://www.preprod.ryses.es Send a message without customer first name for https://www.preprod.ryses.es",
              "timedOut": null,
              "duration": 12790,
              "state": "passed",
              "speed": "slow",
              "pass": true,
              "fail": false,
              "pending": false,
              "context": "\"../videos/contactUs.js.mp4\"",
              "code": "contactUsFormAssertionValidations();\ntextInsertionWarmpUpDummy();\n// Fill up the contact form && submit\ncy.get('[data-cy=\"name\"]').type(Cypress.env('custom_lastname')).validateElement('[data-cy=\"firstname\"]').get('[data-cy=\"email\"]').type(this.data.custom_email).get('[data-cy=\"message\"]').type(' Where is your customer first name? :( ').get('[data-cy=\"submit\"]').click({\n  force: true\n}).get('[data-cy=\"firstname\"]').should('have.length', 1).get('[data-cy=\"submitMessage\"]').should('not.exist');",
              "err": {},
              "uuid": "f62167f4-bee4-4fd8-aedd-b5a3d8bae0be",
              "parentUUID": "deaece4e-4944-46e3-8665-3d0173e03449",
              "isHook": false,
              "skipped": false
            },
            {
              "title": "Send a message with an email wrongly formatted AND/OR without any email for https://www.preprod.ryses.es",
              "fullTitle": "ContactUs.js: call front-office contact_us form for https://www.preprod.ryses.es Send a message with an email wrongly formatted AND/OR without any email for https://www.preprod.ryses.es",
              "timedOut": null,
              "duration": 13516,
              "state": "passed",
              "speed": "slow",
              "pass": true,
              "fail": false,
              "pending": false,
              "context": "\"../videos/contactUs.js.mp4\"",
              "code": "contactUsFormAssertionValidations();\ntextInsertionWarmpUpDummy();\n// Fill up the contact form\ncy.get('[data-cy=\"name\"]').type(Cypress.env('custom_lastname')).get('[data-cy=\"firstname\"]').type(Cypress.env('custom_firstname'));\n// Email REGEX valid format\nconst uuid = () => Cypress._.random(0, 1e6);\nconst RANDOM = uuid();\nvar EMAIL_REGEX_CHECK = /^[a-zA-Z0-9.!#$%&'*+/=?^_`{|}~-]+@[a-zA-Z0-9-]+(?:\\.[a-zA-Z0-9-]+)*$/;\ncy.get('[data-cy=\"email\"]').type('test' + RANDOM + '@gmail').get('[data-cy=\"email\"]').invoke('val').should('match', EMAIL_REGEX_CHECK).get('[data-cy=\"message\"]').type(' Where is your customer email @ ? :( ');\n// select a reason and submit\nselectContactRequestReason();\ncy.get('[data-cy=\"submit\"]').click({\n  force: true\n}).get('[data-cy=\"submitMessage\"]').should('not.exist');",
              "err": {},
              "uuid": "4ed10d0f-2e54-4b2d-a322-b17ef1a72b57",
              "parentUUID": "deaece4e-4944-46e3-8665-3d0173e03449",
              "isHook": false,
              "skipped": false
            },
            {
              "title": "Send a message without any body for https://www.preprod.ryses.es",
              "fullTitle": "ContactUs.js: call front-office contact_us form for https://www.preprod.ryses.es Send a message without any body for https://www.preprod.ryses.es",
              "timedOut": null,
              "duration": 12430,
              "state": "passed",
              "speed": "slow",
              "pass": true,
              "fail": false,
              "pending": false,
              "context": "\"../videos/contactUs.js.mp4\"",
              "code": "contactUsFormAssertionValidations();\ntextInsertionWarmpUpDummy();\n// Fill up the contact form\ncy.get('[data-cy=\"name\"]').type(Cypress.env('custom_lastname'));\ncy.get('[data-cy=\"firstname\"]').type(Cypress.env('custom_firstname'));\ncy.get('[data-cy=\"email\"]').type(this.data.custom_email);\n// select a reason and submit\nselectContactRequestReason();\ncy.get('[data-cy=\"submit\"]').click({\n  force: true\n}).get('[data-cy=\"submitMessage\"]').should('not.exist');",
              "err": {},
              "uuid": "d7422a1f-228d-4a7f-8994-fbe99c22fb7b",
              "parentUUID": "deaece4e-4944-46e3-8665-3d0173e03449",
              "isHook": false,
              "skipped": false
            }
          ],
          "suites": [],
          "passes": [
            "012d87f4-f900-4184-bcf2-2e37b5c44dd7",
            "db6c601b-d652-4067-8b40-10269d128e76",
            "f62167f4-bee4-4fd8-aedd-b5a3d8bae0be",
            "4ed10d0f-2e54-4b2d-a322-b17ef1a72b57",
            "d7422a1f-228d-4a7f-8994-fbe99c22fb7b"
          ],
          "failures": [],
          "pending": [],
          "skipped": [],
          "duration": 65640,
          "root": false,
          "rootEmpty": false,
          "_timeout": 2000
        }
      ],
      "passes": [],
      "failures": [],
      "pending": [],
      "skipped": [],
      "duration": 0,
      "root": true,
      "rootEmpty": true,
      "_timeout": 2000
    }
  ],
  "meta": {
    "mocha": {
      "version": "7.0.1"
    },
    "mochawesome": {
      "options": {
        "quiet": false,
        "reportFilename": "mochawesome",
        "saveHtml": false,
        "saveJson": true,
        "consoleReporter": "spec",
        "useInlineDiffs": false,
        "code": true
      },
      "version": "7.1.3"
    },
    "marge": {
      "options": {
        "reportDir": "cypress/reports",
        "overwrite": false,
        "html": false,
        "json": true,
        "charts": true,
        "reportPageTitle": "Cypress Nuxt Front : Report",
        "inlineAssets": true
      },
      "version": "6.2.0"
    }
  }
}