{
  "stats": {
    "suites": 2,
    "tests": 2,
    "passes": 2,
    "pending": 0,
    "failures": 0,
    "start": "2025-04-14T17:12:10.881Z",
    "end": "2025-04-14T17:13:47.179Z",
    "duration": 96298,
    "testsRegistered": 2,
    "passPercent": 100,
    "pendingPercent": 0,
    "other": 0,
    "hasOther": false,
    "skipped": 0,
    "hasSkipped": false
  },
  "results": [
    {
      "uuid": "97ecf15c-6292-4a9f-aa76-8a1310992961",
      "title": "",
      "fullFile": "cypress/e2e/Standalones/FO/addDeliveryAddress.js",
      "file": "cypress/e2e/Standalones/FO/addDeliveryAddress.js",
      "beforeHooks": [],
      "afterHooks": [],
      "tests": [],
      "suites": [
        {
          "uuid": "af5436b3-e687-4f5a-a7e3-edca0d15ccbe",
          "title": "addNewAccount.js: call LBO front-office subscription form, env de test",
          "fullFile": "",
          "file": "",
          "beforeHooks": [],
          "afterHooks": [],
          "tests": [
            {
              "title": "Add a new subscription (client) process on macbook-15",
              "fullTitle": "addNewAccount.js: call LBO front-office subscription form, env de test Add a new subscription (client) process on macbook-15",
              "timedOut": null,
              "duration": 53062,
              "state": "passed",
              "speed": "slow",
              "pass": true,
              "fail": false,
              "pending": false,
              "context": "\"../videos/addDeliveryAddress.js.mp4\"",
              "code": "cy.fixture('stores').then(stores => {\n  stores.forEach(store => {\n    cy.visit(store);\n    cy.acceptCookies();\n    cy.visit(`${store}/login?mode=connection`, {\n      failOnStatusCode: false\n    });\n    cy.validateElement('[data-cy=customer-registration]').wait(2000);\n    cy.get('[data-cy=customer-registration]').click({\n      force: true\n    });\n    cy.url().should('contain', 'login?mode=connection');\n    // Customer registration\n    cy.acceptCookies();\n    cy.customInfo();\n    // Confirm subscription\n    cy.validateElement('[data-cy=submit] > .c-btn');\n    cy.get('[data-cy=submit] > .c-btn').click({\n      force: true\n    });\n    cy.wait(3000); /* TO KEEP FOR CI TESTS */\n    cy.validateElement('.c-form-message');\n  });\n});",
              "err": {},
              "uuid": "f290359e-23bd-4097-9f67-1a7eb67e6e7a",
              "parentUUID": "af5436b3-e687-4f5a-a7e3-edca0d15ccbe",
              "isHook": false,
              "skipped": false
            }
          ],
          "suites": [],
          "passes": [
            "f290359e-23bd-4097-9f67-1a7eb67e6e7a"
          ],
          "failures": [],
          "pending": [],
          "skipped": [],
          "duration": 53062,
          "root": false,
          "rootEmpty": false,
          "_timeout": 2000
        },
        {
          "uuid": "d83a342c-3cb4-43de-93ba-1ece7c8bdc76",
          "title": "This test will validate shipping addresse block based on it's store for",
          "fullFile": "",
          "file": "",
          "beforeHooks": [],
          "afterHooks": [],
          "tests": [
            {
              "title": "Add a new delivery address in a customer profile on macbook-15",
              "fullTitle": "This test will validate shipping addresse block based on it's store for Add a new delivery address in a customer profile on macbook-15",
              "timedOut": null,
              "duration": 42601,
              "state": "passed",
              "speed": "slow",
              "pass": true,
              "fail": false,
              "pending": false,
              "context": "\"../videos/addDeliveryAddress.js.mp4\"",
              "code": "cy.fixture('stores').then(stores => {\n  stores.forEach(store => {\n    cy.visit(store, {\n      failOnStatusCode: false\n    }, {\n      responseTimeout: 10000\n    }, {\n      followRedirect: true\n    });\n    cy.acceptCookies();\n    cy.customLogin();\n    cy.visit(store + '/account', {\n      failOnStatusCode: false\n    }, {\n      responseTimeout: 10000\n    }, {\n      followRedirect: true\n    });\n    // Call address block\n    cy.validateElement('a[href=\"/account/address-book\"]');\n    cy.get('a[href=\"/account/address-book\"]').click({\n      force: true\n    });\n    cy.url().should('contain', '/account/address-book');\n    // Add a new addresse\n    cy.validateElement('.c-account-address-book > .c-btn');\n    cy.get('.c-account-address-book > .c-btn').click({\n      force: true\n    });\n    cy.validateElement('[class=\"c-account-form__item c-account-form__right\"]');\n    // Fill-up shipping address based on store and validate\n    cy.get('.c-account-form__item.c-account-form__right').then($ele => {\n      // Check for input field presence\n      if ($ele.find('.c-account-form__input').length > 0) {\n        cy.url().then(url => {\n          // Load shipping info based on the selected store\n          cy.fixture('shippingInfo.json').then(shippingInfo => {\n            let randomPhoneNumber, countryData;\n            if (url.includes(shippingInfo.FRANCE.storeUrl)) {\n              countryData = shippingInfo.FRANCE;\n              randomPhoneNumber = generateRandomPhoneNumber(\"+336\");\n            } else if (url.includes(shippingInfo.SPAIN.storeUrl)) {\n              countryData = shippingInfo.SPAIN;\n              randomPhoneNumber = generateRandomPhoneNumber(\"+346\");\n            } else if (url.includes(shippingInfo.ITALY.storeUrl)) {\n              countryData = shippingInfo.ITALY;\n              randomPhoneNumber = generateRandomPhoneNumber(\"+396\");\n            } else {\n              throw new Error('Unable to determine store URL, check logs...');\n            }\n            fillAddressDetails(\"CypressFirstNameChanged\", \"CypressLastNameChanged\", randomPhoneNumber, `${countryData.address}`, `${countryData.city}`, `${countryData.postalCode}`);\n            cy.validateElement('.c-account-form__submit > .c-btn');\n            cy.get('.c-account-form__submit > .c-btn').click({\n              force: true\n            });\n            cy.url().should(\"contain\", \"/account/address-book?confirm=1\");\n            cy.validateElement('.c-form-message.c-form-message--success.c-form-message--fixed');\n          });\n        });\n      }\n    });\n    // Helper function to generate a random phone number\n    function generateRandomPhoneNumber(prefix) {\n      return `${prefix}${Math.floor(Math.random() * 1000000000).toString().padStart(9, '0')}`;\n    }\n    // Helper function to throw an error if needed\n    function throwError(message) {\n      throw new Error(message);\n    }\n  });\n});",
              "err": {},
              "uuid": "a0dbfff2-5733-48d0-bb50-105229999732",
              "parentUUID": "d83a342c-3cb4-43de-93ba-1ece7c8bdc76",
              "isHook": false,
              "skipped": false
            }
          ],
          "suites": [],
          "passes": [
            "a0dbfff2-5733-48d0-bb50-105229999732"
          ],
          "failures": [],
          "pending": [],
          "skipped": [],
          "duration": 42601,
          "root": false,
          "rootEmpty": false,
          "_timeout": 2000
        }
      ],
      "passes": [],
      "failures": [],
      "pending": [],
      "skipped": [],
      "duration": 0,
      "root": true,
      "rootEmpty": true,
      "_timeout": 2000
    }
  ],
  "meta": {
    "mocha": {
      "version": "7.0.1"
    },
    "mochawesome": {
      "options": {
        "quiet": false,
        "reportFilename": "mochawesome",
        "saveHtml": false,
        "saveJson": true,
        "consoleReporter": "spec",
        "useInlineDiffs": false,
        "code": true
      },
      "version": "7.1.3"
    },
    "marge": {
      "options": {
        "reportDir": "cypress/reports",
        "overwrite": false,
        "html": false,
        "json": true,
        "charts": true,
        "reportPageTitle": "Cypress Nuxt Front : Report",
        "inlineAssets": true
      },
      "version": "6.2.0"
    }
  }
}