{
  "stats": {
    "suites": 1,
    "tests": 1,
    "passes": 1,
    "pending": 0,
    "failures": 0,
    "start": "2025-03-04T07:28:38.764Z",
    "end": "2025-03-04T07:28:42.263Z",
    "duration": 3499,
    "testsRegistered": 1,
    "passPercent": 100,
    "pendingPercent": 0,
    "other": 0,
    "hasOther": false,
    "skipped": 0,
    "hasSkipped": false
  },
  "results": [
    {
      "uuid": "bd26f78b-1d91-4d34-bff8-284a4575e7f8",
      "title": "",
      "fullFile": "cypress/e2e/Standalones/FO/homePageCookiesManagement.js",
      "file": "cypress/e2e/Standalones/FO/homePageCookiesManagement.js",
      "beforeHooks": [],
      "afterHooks": [],
      "tests": [],
      "suites": [
        {
          "uuid": "9efbb5a3-3641-4627-bd7a-ec146b73c5ae",
          "title": "This test will validate home page cookies for",
          "fullFile": "",
          "file": "",
          "beforeHooks": [],
          "afterHooks": [],
          "tests": [
            {
              "title": "Checks if cookies are managable without any error on macbook-15",
              "fullTitle": "This test will validate home page cookies for Checks if cookies are managable without any error on macbook-15",
              "timedOut": null,
              "duration": 3453,
              "state": "passed",
              "speed": "fast",
              "pass": true,
              "fail": false,
              "pending": false,
              "context": "\"../videos/homePageCookiesManagement.js.mp4\"",
              "code": "// Make sure cookies banner exists in home page and works\ncy.validateElement('#cookiebanner').validateElement('.c-button--personalize').validateElement('#popupFullConsent');\n// Accept all cookies (first banner)\ncy.get('#popupFullConsent').click().get('#popupFullConsent').should('not.be.visible');\n// Cookies personalisation assertion testing\ncy.get('.c-button--personalize').click({\n  force: true\n}).validateElement('body').validateElement(':nth-child(3) > :nth-child(1) > :nth-child(3) > .detail-btn').validateElement('.cookiebanner-personalize__accept-all').validateElement('.cookiebanner-personalize__close').get('#popupFullConsent').click({\n  force: true\n});\n// Cookies banners should not be visible anymore ==> user accepted all cookies\ncy.get('.cookiebanner-personalize__accept-all').get('[id^=bannerFullConsent]').should('not.be.visible');\n// Cookies presonalization assertion testing (user action)\ncy.get('.c-button--personalize').click({\n  force: true\n}).validateElement('.content > :nth-child(2)').validateElement(':nth-child(2) > :nth-child(2) > .c-checkbox > label');\n// User personalize cookies\ncy.validateElement('[id^=CybotCookiebotDialogBodyLevelButton]').get('[type=\"checkbox\"]').first().uncheck({\n  force: true\n}).get('[type=\"checkbox\"]').last().uncheck({\n  force: true\n}).get('[type=\"checkbox\"]').first().check({\n  force: true\n}).get('[type=\"checkbox\"]').last().check({\n  force: true\n});\n// Submit the modifications (cookies banners should not be visible anymore ==> user accepted all cookies)\ncy.get('[type=\"checkbox\"]').last().uncheck({\n  force: true\n}).get('#CybotCookiebotDialogBodyLevelButtonLevelOptinAllowallSelection').click({\n  force: true\n}).get('.cookiebanner-personalize__accept-all').get('[id^=bannerFullConsent]').should('not.be.visible');\n// User deny all cookies && submit the modifications\ncy.get('.c-button--personalize').click({\n  force: true\n}).validateElement('[id^=CybotCookiebotDialogBodyLevelButton]').get('[type=\"checkbox\"]').first().uncheck({\n  force: true\n}).get('[type=\"checkbox\"]').eq(1).uncheck({\n  force: true\n}).get('[type=\"checkbox\"]').last().uncheck({\n  force: true\n}).get('[type=\"checkbox\"]').last().uncheck({\n  force: true\n}).get('#CybotCookiebotDialogBodyLevelButtonLevelOptinAllowallSelection').click({\n  force: true\n});\n// Cookies banners and buttons should not be visible anymore (user refused all cookies)\ncy.get('#CybotCookiebotDialogBodyLevelButtonLevelOptinAllowallSelection').should('not.be.visible').get('[id^=bannerFullConsent]').should('not.be.visible');",
              "err": {},
              "uuid": "39a2eab4-929c-4d25-a8b5-6407d596651d",
              "parentUUID": "9efbb5a3-3641-4627-bd7a-ec146b73c5ae",
              "isHook": false,
              "skipped": false
            }
          ],
          "suites": [],
          "passes": [
            "39a2eab4-929c-4d25-a8b5-6407d596651d"
          ],
          "failures": [],
          "pending": [],
          "skipped": [],
          "duration": 3453,
          "root": false,
          "rootEmpty": false,
          "_timeout": 2000
        }
      ],
      "passes": [],
      "failures": [],
      "pending": [],
      "skipped": [],
      "duration": 0,
      "root": true,
      "rootEmpty": true,
      "_timeout": 2000
    }
  ],
  "meta": {
    "mocha": {
      "version": "7.0.1"
    },
    "mochawesome": {
      "options": {
        "quiet": false,
        "reportFilename": "mochawesome",
        "saveHtml": false,
        "saveJson": true,
        "consoleReporter": "spec",
        "useInlineDiffs": false,
        "code": true
      },
      "version": "7.1.3"
    },
    "marge": {
      "options": {
        "reportDir": "cypress/reports",
        "overwrite": false,
        "html": false,
        "json": true,
        "charts": true,
        "reportPageTitle": "Cypress Nuxt Front : Report",
        "inlineAssets": true
      },
      "version": "6.2.0"
    }
  }
}