{
  "stats": {
    "suites": 2,
    "tests": 4,
    "passes": 4,
    "pending": 0,
    "failures": 0,
    "start": "2025-05-19T11:14:52.959Z",
    "end": "2025-05-19T11:16:53.178Z",
    "duration": 120219,
    "testsRegistered": 4,
    "passPercent": 100,
    "pendingPercent": 0,
    "other": 0,
    "hasOther": false,
    "skipped": 0,
    "hasSkipped": false
  },
  "results": [
    {
      "uuid": "bf1ac49b-812c-424f-8d8b-fb6be83141eb",
      "title": "",
      "fullFile": "cypress/e2e/Standalones/FO/customerLogin.js",
      "file": "cypress/e2e/Standalones/FO/customerLogin.js",
      "beforeHooks": [],
      "afterHooks": [],
      "tests": [],
      "suites": [
        {
          "uuid": "3c8456e7-15ee-4d02-808d-3e8bc6630ed6",
          "title": "addNewAccount.js: call LBO front-office subscription form, env de test",
          "fullFile": "",
          "file": "",
          "beforeHooks": [],
          "afterHooks": [],
          "tests": [
            {
              "title": "Add a new subscription (client) process on macbook-15",
              "fullTitle": "addNewAccount.js: call LBO front-office subscription form, env de test Add a new subscription (client) process on macbook-15",
              "timedOut": null,
              "duration": 49150,
              "state": "passed",
              "speed": "slow",
              "pass": true,
              "fail": false,
              "pending": false,
              "context": "\"../videos/customerLogin.js.mp4\"",
              "code": "cy.fixture('stores').then(stores => {\n  stores.forEach(store => {\n    cy.visit(store);\n    cy.acceptCookies();\n    cy.visit(`${store}/login?mode=connection`, {\n      failOnStatusCode: false\n    });\n    cy.validateElement('[data-cy=customer-registration]').wait(2000);\n    cy.get('[data-cy=customer-registration]').click({\n      force: true\n    });\n    cy.url().should('contain', 'login?mode=connection');\n    // Customer registration\n    cy.acceptCookies();\n    cy.customInfo();\n    // Confirm subscription\n    cy.validateElement('[data-cy=submit] > .c-btn');\n    cy.get('[data-cy=submit] > .c-btn').click({\n      force: true\n    });\n    cy.wait(3000); /* TO KEEP FOR CI TESTS */\n    cy.validateElement('.c-form-message');\n  });\n});",
              "err": {},
              "uuid": "fe51c457-f4d9-431d-afad-4def98d2eac8",
              "parentUUID": "3c8456e7-15ee-4d02-808d-3e8bc6630ed6",
              "isHook": false,
              "skipped": false
            }
          ],
          "suites": [],
          "passes": [
            "fe51c457-f4d9-431d-afad-4def98d2eac8"
          ],
          "failures": [],
          "pending": [],
          "skipped": [],
          "duration": 49150,
          "root": false,
          "rootEmpty": false,
          "_timeout": 2000
        },
        {
          "uuid": "35bbe542-0c1c-4759-a433-097835f6cf09",
          "title": "customerLogin.js : call nuxt front-office",
          "fullFile": "",
          "file": "",
          "beforeHooks": [],
          "afterHooks": [],
          "tests": [
            {
              "title": "Warm up the client profile text inputs and activate its account on macbook-15",
              "fullTitle": "customerLogin.js : call nuxt front-office Warm up the client profile text inputs and activate its account on macbook-15",
              "timedOut": null,
              "duration": 25108,
              "state": "passed",
              "speed": "slow",
              "pass": true,
              "fail": false,
              "pending": false,
              "context": "\"../videos/customerLogin.js.mp4\"",
              "code": "cy.fixture('stores').then(stores => {\n  stores.forEach(store => {\n    cy.visit(store + '/login?mode=connection', {\n      responseTimeout: 30000,\n      followRedirect: true\n    });\n    cy.acceptCookies();\n    cy.validateElement('[data-cy=customer-registration]').get('[data-cy=customer-registration]').click({\n      force: true\n    }).url().should('contain', 'login?mode=connection');\n    cy.validateElement('[data-cy=submit] > .c-btn').get('[data-cy=submit] > .c-btn').click({\n      force: true\n    }).wait(3000);\n    cy.validateElement('.c-form-message');\n  });\n});",
              "err": {},
              "uuid": "ae58b6b8-5849-490e-8af0-d3a2adadf43b",
              "parentUUID": "35bbe542-0c1c-4759-a433-097835f6cf09",
              "isHook": false,
              "skipped": false
            },
            {
              "title": "Enter client User/Pass on macbook-15 and login",
              "fullTitle": "customerLogin.js : call nuxt front-office Enter client User/Pass on macbook-15 and login",
              "timedOut": null,
              "duration": 30100,
              "state": "passed",
              "speed": "slow",
              "pass": true,
              "fail": false,
              "pending": false,
              "context": "\"../videos/customerLogin.js.mp4\"",
              "code": "cy.get(\"[data-cy=header-tool--account]\").first().click();\n// Retrieve credentials from login.json\ncy.readFile(\"cypress/fixtures/login.json\").then(credentials => {\n  cy.validateElement('[data-cy=\"customer-email\"]').get('[data-cy=\"customer-email\"]').type(\"dummy\").wait(1000).clear().should(\"be.empty\").type(credentials.custom_email).should(\"have.value\", credentials.custom_email);\n  // Customer password input\n  cy.validateElement('[data-cy=\"customer-password\"]').get('[data-cy=\"customer-password\"]').type(\"dummy\").clear().should(\"be.empty\").type(credentials.custom_password).should(\"have.value\", credentials.custom_password);\n  // Submit and validate login\n  cy.url().should(\"contain\", \"login\");\n  cy.validateElement(\"[data-cy=submit]\").get(\"[data-cy=submit]\").click({\n    force: true\n  });\n  // Use the stored store value for userLastConnectionDateAndStore\n  cy.get('@currentStore').then(store => {\n    cy.userLastConnectionDateAndStore(store);\n  });\n  cy.get(\".c-form-message--error\").should(\"not.exist\");\n  // Login API call validation\n  cy.intercept(\"GET\", \"**/v4/secure/account/addresses\").as(\"securedAddressesApiResponse\");\n  cy.url().should(\"contain\", \"/account/history\");\n});",
              "err": {},
              "uuid": "5a6538fc-a493-407c-9671-f829e398eb2a",
              "parentUUID": "35bbe542-0c1c-4759-a433-097835f6cf09",
              "isHook": false,
              "skipped": false
            },
            {
              "title": "Display login error message if user enters bad credentials on macbook-15",
              "fullTitle": "customerLogin.js : call nuxt front-office Display login error message if user enters bad credentials on macbook-15",
              "timedOut": null,
              "duration": 15153,
              "state": "passed",
              "speed": "slow",
              "pass": true,
              "fail": false,
              "pending": false,
              "context": "\"../videos/customerLogin.js.mp4\"",
              "code": "cy.get(\"[data-cy=header-tool--account]\").first().click();\n// Invalid login credentials\ncy.validateElement('[data-cy=\"customer-email\"]').get('[data-cy=\"customer-email\"]').type('dummy').clear().wait(1000).type('thisaccountdoesnotexist@neverhood.com');\ncy.validateElement('[data-cy=\"customer-password\"]').get('[data-cy=\"customer-password\"]').type('whattheheck!!');\n// Submit and validate error message\ncy.validateElement('[data-cy=submit]').get('[data-cy=submit]').click({\n  force: true\n});\ncy.get('.c-form-message--error').should('exist');",
              "err": {},
              "uuid": "aa615efd-67ad-4577-973c-46f0463c6fc8",
              "parentUUID": "35bbe542-0c1c-4759-a433-097835f6cf09",
              "isHook": false,
              "skipped": false
            }
          ],
          "suites": [],
          "passes": [
            "ae58b6b8-5849-490e-8af0-d3a2adadf43b",
            "5a6538fc-a493-407c-9671-f829e398eb2a",
            "aa615efd-67ad-4577-973c-46f0463c6fc8"
          ],
          "failures": [],
          "pending": [],
          "skipped": [],
          "duration": 70361,
          "root": false,
          "rootEmpty": false,
          "_timeout": 2000
        }
      ],
      "passes": [],
      "failures": [],
      "pending": [],
      "skipped": [],
      "duration": 0,
      "root": true,
      "rootEmpty": true,
      "_timeout": 2000
    }
  ],
  "meta": {
    "mocha": {
      "version": "7.2.0"
    },
    "mochawesome": {
      "options": {
        "quiet": false,
        "reportFilename": "mochawesome",
        "saveHtml": false,
        "saveJson": true,
        "consoleReporter": "spec",
        "useInlineDiffs": false,
        "code": true
      },
      "version": "7.1.3"
    },
    "marge": {
      "options": {
        "reportDir": "cypress/reports",
        "overwrite": false,
        "html": false,
        "json": true,
        "charts": true,
        "reportPageTitle": "Cypress Nuxt Front : Report",
        "inlineAssets": true
      },
      "version": "6.2.0"
    }
  }
}