{
  "stats": {
    "suites": 2,
    "tests": 3,
    "passes": 3,
    "pending": 0,
    "failures": 0,
    "start": "2025-05-19T22:30:33.814Z",
    "end": "2025-05-19T22:36:11.398Z",
    "duration": 337584,
    "testsRegistered": 3,
    "passPercent": 100,
    "pendingPercent": 0,
    "other": 0,
    "hasOther": false,
    "skipped": 0,
    "hasSkipped": false
  },
  "results": [
    {
      "uuid": "4358d0fd-43e8-4c03-aaa8-a6c7ec6832af",
      "title": "",
      "fullFile": "cypress/e2e/Standalones/FO/checkoutBackOfficeVoucherAndCCPayment.js",
      "file": "cypress/e2e/Standalones/FO/checkoutBackOfficeVoucherAndCCPayment.js",
      "beforeHooks": [],
      "afterHooks": [],
      "tests": [],
      "suites": [
        {
          "uuid": "6b4499c4-7eeb-45dd-ace8-8b6412f12cce",
          "title": "addNewAccount.js: call LBO front-office subscription form, env de test",
          "fullFile": "",
          "file": "",
          "beforeHooks": [],
          "afterHooks": [],
          "tests": [
            {
              "title": "Add a new subscription (client) process on macbook-15",
              "fullTitle": "addNewAccount.js: call LBO front-office subscription form, env de test Add a new subscription (client) process on macbook-15",
              "timedOut": null,
              "duration": 49235,
              "state": "passed",
              "speed": "slow",
              "pass": true,
              "fail": false,
              "pending": false,
              "context": "\"../videos/checkoutBackOfficeVoucherAndCCPayment.js.mp4\"",
              "code": "cy.fixture('stores').then(stores => {\n  stores.forEach(store => {\n    cy.visit(store);\n    cy.acceptCookies();\n    cy.visit(`${store}/login?mode=connection`, {\n      failOnStatusCode: false\n    });\n    cy.validateElement('[data-cy=customer-registration]').wait(2000);\n    cy.get('[data-cy=customer-registration]').click({\n      force: true\n    });\n    cy.url().should('contain', 'login?mode=connection');\n    // Customer registration\n    cy.acceptCookies();\n    cy.customInfo();\n    // Confirm subscription\n    cy.validateElement('[data-cy=submit] > .c-btn');\n    cy.get('[data-cy=submit] > .c-btn').click({\n      force: true\n    });\n    cy.wait(3000); /* TO KEEP FOR CI TESTS */\n    cy.validateElement('.c-form-message');\n  });\n});",
              "err": {},
              "uuid": "0708c726-e262-4301-b733-c4212f7bf444",
              "parentUUID": "6b4499c4-7eeb-45dd-ace8-8b6412f12cce",
              "isHook": false,
              "skipped": false
            }
          ],
          "suites": [],
          "passes": [
            "0708c726-e262-4301-b733-c4212f7bf444"
          ],
          "failures": [],
          "pending": [],
          "skipped": [],
          "duration": 49235,
          "root": false,
          "rootEmpty": false,
          "_timeout": 2000
        },
        {
          "uuid": "e7b9c141-065d-4625-a626-e64000a2c93f",
          "title": "Validate checkout with a voucher created from BO && Combine it with another payment method",
          "fullFile": "",
          "file": "",
          "beforeHooks": [],
          "afterHooks": [],
          "tests": [
            {
              "title": "Checkout a small amount order only with voucher",
              "fullTitle": "Validate checkout with a voucher created from BO && Combine it with another payment method Checkout a small amount order only with voucher",
              "timedOut": null,
              "duration": 123033,
              "state": "passed",
              "speed": "slow",
              "pass": true,
              "fail": false,
              "pending": false,
              "context": "\"../videos/checkoutBackOfficeVoucherAndCCPayment.js.mp4\"",
              "code": "cy.fixture('stores').then(stores => {\n  stores.forEach(store => {\n    cy.visit(store, {\n      failOnStatusCode: false,\n      responseTimeout: 10000,\n      followRedirect: true\n    });\n    cy.acceptCookies();\n    cy.customLogin(store);\n    cy.listingApiCalls();\n    cy.commonApiInterception();\n    cy.addShippingAddress();\n    cy.visitRandomProductListing(store, {\n      priceRange: 'prices=5~15',\n      category: '/accessoires-c1?'\n    });\n    cy.AddProductToBasketForFilteredListing();\n    cy.basketValidation();\n    cy.selectShippingMethod();\n    cy.intercept('GET', '**/v4/secure/checkout/payments/available/**').as('basketDataValidation');\n    cy.intercept('POST', 'https://stage-data.hipay.com/checkout-data').as('hipayDataValidation');\n    cy.validateVoucherSelection();\n    cy.creditVoucherPayment();\n    cy.validateVoucherPaymentConfirmation();\n  });\n});",
              "err": {},
              "uuid": "0eba7d15-a751-4649-b469-d59844e04279",
              "parentUUID": "e7b9c141-065d-4625-a626-e64000a2c93f",
              "isHook": false,
              "skipped": false
            },
            {
              "title": "Checkout with voucher combining with another payment method",
              "fullTitle": "Validate checkout with a voucher created from BO && Combine it with another payment method Checkout with voucher combining with another payment method",
              "timedOut": null,
              "duration": 159529,
              "state": "passed",
              "speed": "slow",
              "pass": true,
              "fail": false,
              "pending": false,
              "context": "\"../videos/checkoutBackOfficeVoucherAndCCPayment.js.mp4\"",
              "code": "cy.fixture('stores').then(stores => {\n  stores.forEach(store => {\n    cy.visit(store, {\n      failOnStatusCode: false,\n      responseTimeout: 10000,\n      followRedirect: true\n    });\n    cy.acceptCookies();\n    cy.customLogin();\n    cy.listingApiCalls();\n    cy.commonApiInterception();\n    cy.addShippingAddress();\n    cy.basketCreationProcess({\n      store\n    });\n    cy.basketValidation(store);\n    cy.selectShippingMethod();\n    cy.intercept('GET', '**/v4/secure/checkout/payments/available/**').as('basketDataValidation');\n    cy.intercept('POST', 'https://stage-data.hipay.com/checkout-data').as('hipayDataValidation');\n    cy.validateVoucherSelection();\n    cy.creditVoucherPayment();\n    cy.validateVoucherPaymentConfirmation();\n  });\n});",
              "err": {},
              "uuid": "a7302a7c-5b15-41f5-8478-cbd8bc08efa6",
              "parentUUID": "e7b9c141-065d-4625-a626-e64000a2c93f",
              "isHook": false,
              "skipped": false
            }
          ],
          "suites": [],
          "passes": [
            "0eba7d15-a751-4649-b469-d59844e04279",
            "a7302a7c-5b15-41f5-8478-cbd8bc08efa6"
          ],
          "failures": [],
          "pending": [],
          "skipped": [],
          "duration": 282562,
          "root": false,
          "rootEmpty": false,
          "_timeout": 2000
        }
      ],
      "passes": [],
      "failures": [],
      "pending": [],
      "skipped": [],
      "duration": 0,
      "root": true,
      "rootEmpty": true,
      "_timeout": 2000
    }
  ],
  "meta": {
    "mocha": {
      "version": "7.2.0"
    },
    "mochawesome": {
      "options": {
        "quiet": false,
        "reportFilename": "mochawesome",
        "saveHtml": false,
        "saveJson": true,
        "consoleReporter": "spec",
        "useInlineDiffs": false,
        "code": true
      },
      "version": "7.1.3"
    },
    "marge": {
      "options": {
        "reportDir": "cypress/reports",
        "overwrite": false,
        "html": false,
        "json": true,
        "charts": true,
        "reportPageTitle": "Cypress Nuxt Front : Report",
        "inlineAssets": true
      },
      "version": "6.2.0"
    }
  }
}