{
  "stats": {
    "suites": 2,
    "tests": 4,
    "passes": 3,
    "pending": 0,
    "failures": 1,
    "start": "2025-04-14T14:46:57.838Z",
    "end": "2025-04-14T14:49:18.545Z",
    "duration": 140707,
    "testsRegistered": 4,
    "passPercent": 75,
    "pendingPercent": 0,
    "other": 0,
    "hasOther": false,
    "skipped": 0,
    "hasSkipped": false
  },
  "results": [
    {
      "uuid": "a1acd29c-10dd-40cf-b725-3c2c7efa0870",
      "title": "",
      "fullFile": "cypress/e2e/Standalones/FO/validateHomePageHeaderFooter.js",
      "file": "cypress/e2e/Standalones/FO/validateHomePageHeaderFooter.js",
      "beforeHooks": [],
      "afterHooks": [],
      "tests": [],
      "suites": [
        {
          "uuid": "94b94b16-7456-4c1c-bae0-3e4fecee045a",
          "title": "Home page header && footer validation for: https://www.preprod.laboutiqueofficielle.com",
          "fullFile": "",
          "file": "",
          "beforeHooks": [],
          "afterHooks": [],
          "tests": [
            {
              "title": "Should validate the header elements on macbook-15",
              "fullTitle": "Home page header && footer validation for: https://www.preprod.laboutiqueofficielle.com Should validate the header elements on macbook-15",
              "timedOut": null,
              "duration": 12516,
              "state": "passed",
              "speed": "slow",
              "pass": true,
              "fail": false,
              "pending": false,
              "context": "\"../videos/validateHomePageHeaderFooter.js.mp4\"",
              "code": "// The LBO logo and its corresponding href attributes\nvalidateElementAndChildren('[class=\"nuxt-link-exact-active nuxt-link-active\"]');\ncy.get('.nuxt-link-exact-active.nuxt-link-active').invoke('attr', 'href').then(hrefValue => {\n  console.log('The href value is:', hrefValue);\n  expect(hrefValue).to.equal('/');\n  cy.request(hrefValue).its('status').should('eq', 200);\n});\n// Search bar\nvalidateElementAndChildren('[class=\"autosuggest c-btn-with-input\"]');\n// Help\nconst storesToCheck = Cypress.env('urls');\ncy.validateElement('[class=\"c-header-tools__link\"]');\ncy.url().then(url => {\n  cy.fixture('shippingInfo.json').then(shippingInfo => {\n    const storesToCheck = [shippingInfo.FRANCE.storeUrl, shippingInfo.SPAIN.storeUrl, shippingInfo.ITALY.storeUrl];\n    const hrefAssertions = {\n      [storesToCheck[0]]: {\n        expected: '/t/faq',\n        lang: 'FR'\n      },\n      [storesToCheck[1]]: {\n        expected: '/t/ayuda',\n        lang: 'ES'\n      },\n      [storesToCheck[2]]: {\n        expected: '/t/assistenza',\n        lang: 'IT'\n      }\n    };\n    // Mapping through shippingInfo.json\n    const matchingStore = Object.keys(hrefAssertions).find(store => url.includes(store));\n    if (matchingStore) {\n      const {\n        expected,\n        lang\n      } = hrefAssertions[matchingStore];\n      if (expected) {\n        cy.get('[class=\"c-header-tools__link\"]').invoke('attr', 'href').then(hrefValue => {\n          expect(hrefValue).to.equal(expected);\n          const lastSlashIndex = url.lastIndexOf('/');\n          if (lastSlashIndex !== -1 && lastSlashIndex === url.length - 1) {\n            url = url.substring(0, lastSlashIndex);\n            cy.request(url + hrefValue).its('status').should('eq', 200);\n          }\n        });\n      } else {\n        // TO KEEP : logic for Italy or other new stores\n      }\n    } else {\n      throw new Error('Something went wrong with App Store AND/OR Google Play store links, please check your logs...');\n    }\n  });\n});\n// Header tools list: Login icon, Wishlist, Shopping Cart, and switch between stores\nvalidateElementAndChildren(\"[data-cy=header-tool--account]\");\n// Login\ncy.visit(url, {\n  failOnStatusCode: false\n}, {\n  responseTimeout: 10000\n}, {\n  followRedirect: true\n});\n// Wishlist\nvalidateElementAndChildren('.c-header-tools__item--favorite');\ncy.get('.c-header-tools__list').find('a').each($link => {\n  const href = $link.attr('href');\n  expect(href).to.exist;\n  expect(href).to.not.be.empty;\n  retryAnchorGetRequest(url, href);\n});\n// Switch between stores\ncy.get('[class=\"c-international-switch__list\"]').then($currentItem => {\n  validateElementAndChildren('[data-cy=\"lang-link\"]');\n  cy.get('[data-cy=\"lang-link\"]').click();\n  cy.get('.c-header-tools__item--lang').click();\n});\n// Obtain href/anchor links for stores  \ncy.get('.c-dropdown-menu__panel', {\n  force: true\n}).find('a[href$=\".fr\"], a[href$=\".es\"], a[href$=\".it\"]').each(($link, index, $list) => {\n  const href = $link.attr('href');\n  cy.request(href).then(response => {\n    expect(response.status).to.eq(200);\n    expect(response.headers['content-type']).to.include('text/html');\n  });\n});",
              "err": {},
              "uuid": "83e45ba6-2231-434a-a22e-ffa0c9bfd852",
              "parentUUID": "94b94b16-7456-4c1c-bae0-3e4fecee045a",
              "isHook": false,
              "skipped": false
            },
            {
              "title": "Should validate the footer elements on macbook-15",
              "fullTitle": "Home page header && footer validation for: https://www.preprod.laboutiqueofficielle.com Should validate the footer elements on macbook-15",
              "timedOut": null,
              "duration": 104687,
              "state": "passed",
              "speed": "slow",
              "pass": true,
              "fail": false,
              "pending": false,
              "context": "\"../videos/validateHomePageHeaderFooter.js.mp4\"",
              "code": "// First CMS block\nvalidateElementAndChildren('.c-reinsurance');\n// Newsletter block should be available and actionable\ncy.acceptCookies();\nvalidateElementAndChildren('.c-newsletter-form');\nvalidateElementAndChildren('.c-btn-with-input.c-btn-with-input--reverse');\ncy.get('.c-btn-with-input.c-btn-with-input--reverse').should('exist').as('parentElement');\ncy.get('@parentElement').find('> input').should('be.visible').click({\n  force: true\n}).and('have.focus').then(() => {\n  cy.get('@parentElement').type('dummy', {\n    delay: 100\n  }, {\n    force: true\n  });\n  cy.get('@parentElement').type('newsletter@lbo.com', {\n    delay: 200\n  }, {\n    force: true\n  });\n});\ncy.get('.c-btn.c-btn--reverse').should('not.have.class', 'c-btn--disabled');\n// Social medias icons && links\nvalidateElementAndChildren('.c-footer-social-network');\nconst storesToCheck = Cypress.env('urls');\nlet oneLinkFrance = Cypress.env('oneLinkFr');\nlet oneLinkRyses = Cypress.env('oneLinkRyses');\nvalidateElementAndChildren('.c-footer-app');\ncy.url().then(url => {\n  cy.fixture('shippingInfo.json').then(shippingInfo => {\n    cy.get('.c-footer-app__list').should('have.length', 1).within(() => {\n      // FR\n      if (url.includes(shippingInfo.FRANCE.storeUrl)) {\n        cy.get(`a[href*=\"${oneLinkFrance}\"]`).should('have.length', 2).each($el => {\n          cy.wrap($el).should('be.visible').click({\n            force: true\n          }).should('not.have.attr', 'disabled');\n        });\n        // Ryses\n      } else if (url.includes(shippingInfo.SPAIN.storeUrl) || url.includes(shippingInfo.ITALY.storeUrl)) {\n        cy.get(`a[href*=\"${oneLinkRyses}\"]`).should('have.length', 2).each($el => {\n          const href = $el.attr('href');\n          if (href && href.startsWith('http')) {\n            cy.wrap($el).should('be.visible').and('not.have.attr', 'disabled').click({\n              force: true\n            });\n          } else {\n            cy.log(`Skipping non-http link: ${href}`);\n          }\n        });\n      } else {\n        throw new Error('Something went wrong with App Store AND/OR Google Play store links, please check your logs...');\n      }\n    });\n  });\n});\n// Footer sitemap / CMS\nvalidateElementAndChildren('.c-footer-sitemap');\ncy.get('.c-footer-sitemap a').should('have.length.gt', 0).each(($el, index) => {\n  const href = $el.attr('href');\n  console.log('Retrieved href/anchors links are: ' + href);\n  if (href) {\n    retryAnchorGetRequest(url, href);\n    if (index < cy.$$('.c-footer-sitemap a').length - 1) {\n      cy.wait(2000);\n    }\n  }\n});",
              "err": {},
              "uuid": "34317f28-516a-411a-86ee-2be9ccedc470",
              "parentUUID": "94b94b16-7456-4c1c-bae0-3e4fecee045a",
              "isHook": false,
              "skipped": false
            }
          ],
          "suites": [],
          "passes": [
            "83e45ba6-2231-434a-a22e-ffa0c9bfd852",
            "34317f28-516a-411a-86ee-2be9ccedc470"
          ],
          "failures": [],
          "pending": [],
          "skipped": [],
          "duration": 117203,
          "root": false,
          "rootEmpty": false,
          "_timeout": 2000
        },
        {
          "uuid": "b67e4984-1e46-415b-bb3a-20244da3d67f",
          "title": "Home page header && footer validation for: https://www.preprod.ryses.es",
          "fullFile": "",
          "file": "",
          "beforeHooks": [],
          "afterHooks": [],
          "tests": [
            {
              "title": "Should validate the header elements on macbook-15",
              "fullTitle": "Home page header && footer validation for: https://www.preprod.ryses.es Should validate the header elements on macbook-15",
              "timedOut": null,
              "duration": 10137,
              "state": "passed",
              "speed": "slow",
              "pass": true,
              "fail": false,
              "pending": false,
              "context": "\"../videos/validateHomePageHeaderFooter.js.mp4\"",
              "code": "// The LBO logo and its corresponding href attributes\nvalidateElementAndChildren('[class=\"nuxt-link-exact-active nuxt-link-active\"]');\ncy.get('.nuxt-link-exact-active.nuxt-link-active').invoke('attr', 'href').then(hrefValue => {\n  console.log('The href value is:', hrefValue);\n  expect(hrefValue).to.equal('/');\n  cy.request(hrefValue).its('status').should('eq', 200);\n});\n// Search bar\nvalidateElementAndChildren('[class=\"autosuggest c-btn-with-input\"]');\n// Help\nconst storesToCheck = Cypress.env('urls');\ncy.validateElement('[class=\"c-header-tools__link\"]');\ncy.url().then(url => {\n  cy.fixture('shippingInfo.json').then(shippingInfo => {\n    const storesToCheck = [shippingInfo.FRANCE.storeUrl, shippingInfo.SPAIN.storeUrl, shippingInfo.ITALY.storeUrl];\n    const hrefAssertions = {\n      [storesToCheck[0]]: {\n        expected: '/t/faq',\n        lang: 'FR'\n      },\n      [storesToCheck[1]]: {\n        expected: '/t/ayuda',\n        lang: 'ES'\n      },\n      [storesToCheck[2]]: {\n        expected: '/t/assistenza',\n        lang: 'IT'\n      }\n    };\n    // Mapping through shippingInfo.json\n    const matchingStore = Object.keys(hrefAssertions).find(store => url.includes(store));\n    if (matchingStore) {\n      const {\n        expected,\n        lang\n      } = hrefAssertions[matchingStore];\n      if (expected) {\n        cy.get('[class=\"c-header-tools__link\"]').invoke('attr', 'href').then(hrefValue => {\n          expect(hrefValue).to.equal(expected);\n          const lastSlashIndex = url.lastIndexOf('/');\n          if (lastSlashIndex !== -1 && lastSlashIndex === url.length - 1) {\n            url = url.substring(0, lastSlashIndex);\n            cy.request(url + hrefValue).its('status').should('eq', 200);\n          }\n        });\n      } else {\n        // TO KEEP : logic for Italy or other new stores\n      }\n    } else {\n      throw new Error('Something went wrong with App Store AND/OR Google Play store links, please check your logs...');\n    }\n  });\n});\n// Header tools list: Login icon, Wishlist, Shopping Cart, and switch between stores\nvalidateElementAndChildren(\"[data-cy=header-tool--account]\");\n// Login\ncy.visit(url, {\n  failOnStatusCode: false\n}, {\n  responseTimeout: 10000\n}, {\n  followRedirect: true\n});\n// Wishlist\nvalidateElementAndChildren('.c-header-tools__item--favorite');\ncy.get('.c-header-tools__list').find('a').each($link => {\n  const href = $link.attr('href');\n  expect(href).to.exist;\n  expect(href).to.not.be.empty;\n  retryAnchorGetRequest(url, href);\n});\n// Switch between stores\ncy.get('[class=\"c-international-switch__list\"]').then($currentItem => {\n  validateElementAndChildren('[data-cy=\"lang-link\"]');\n  cy.get('[data-cy=\"lang-link\"]').click();\n  cy.get('.c-header-tools__item--lang').click();\n});\n// Obtain href/anchor links for stores  \ncy.get('.c-dropdown-menu__panel', {\n  force: true\n}).find('a[href$=\".fr\"], a[href$=\".es\"], a[href$=\".it\"]').each(($link, index, $list) => {\n  const href = $link.attr('href');\n  cy.request(href).then(response => {\n    expect(response.status).to.eq(200);\n    expect(response.headers['content-type']).to.include('text/html');\n  });\n});",
              "err": {},
              "uuid": "fd9b7f98-3085-49af-85f6-0bb0064a10b0",
              "parentUUID": "b67e4984-1e46-415b-bb3a-20244da3d67f",
              "isHook": false,
              "skipped": false
            },
            {
              "title": "Should validate the footer elements on macbook-15",
              "fullTitle": "Home page header && footer validation for: https://www.preprod.ryses.es Should validate the footer elements on macbook-15",
              "timedOut": null,
              "duration": 11402,
              "state": "failed",
              "speed": null,
              "pass": false,
              "fail": true,
              "pending": false,
              "context": "[\n  \"../screenshots/validateHomePageHeaderFooter.js/Home page header && footer validation for httpswww.preprod.ryses.es -- Should validate the footer elements on macbook-15 (failed).png\",\n  \"../videos/validateHomePageHeaderFooter.js.mp4\"\n]",
              "code": "// First CMS block\nvalidateElementAndChildren('.c-reinsurance');\n// Newsletter block should be available and actionable\ncy.acceptCookies();\nvalidateElementAndChildren('.c-newsletter-form');\nvalidateElementAndChildren('.c-btn-with-input.c-btn-with-input--reverse');\ncy.get('.c-btn-with-input.c-btn-with-input--reverse').should('exist').as('parentElement');\ncy.get('@parentElement').find('> input').should('be.visible').click({\n  force: true\n}).and('have.focus').then(() => {\n  cy.get('@parentElement').type('dummy', {\n    delay: 100\n  }, {\n    force: true\n  });\n  cy.get('@parentElement').type('newsletter@lbo.com', {\n    delay: 200\n  }, {\n    force: true\n  });\n});\ncy.get('.c-btn.c-btn--reverse').should('not.have.class', 'c-btn--disabled');\n// Social medias icons && links\nvalidateElementAndChildren('.c-footer-social-network');\nconst storesToCheck = Cypress.env('urls');\nlet oneLinkFrance = Cypress.env('oneLinkFr');\nlet oneLinkRyses = Cypress.env('oneLinkRyses');\nvalidateElementAndChildren('.c-footer-app');\ncy.url().then(url => {\n  cy.fixture('shippingInfo.json').then(shippingInfo => {\n    cy.get('.c-footer-app__list').should('have.length', 1).within(() => {\n      // FR\n      if (url.includes(shippingInfo.FRANCE.storeUrl)) {\n        cy.get(`a[href*=\"${oneLinkFrance}\"]`).should('have.length', 2).each($el => {\n          cy.wrap($el).should('be.visible').click({\n            force: true\n          }).should('not.have.attr', 'disabled');\n        });\n        // Ryses\n      } else if (url.includes(shippingInfo.SPAIN.storeUrl) || url.includes(shippingInfo.ITALY.storeUrl)) {\n        cy.get(`a[href*=\"${oneLinkRyses}\"]`).should('have.length', 2).each($el => {\n          const href = $el.attr('href');\n          if (href && href.startsWith('http')) {\n            cy.wrap($el).should('be.visible').and('not.have.attr', 'disabled').click({\n              force: true\n            });\n          } else {\n            cy.log(`Skipping non-http link: ${href}`);\n          }\n        });\n      } else {\n        throw new Error('Something went wrong with App Store AND/OR Google Play store links, please check your logs...');\n      }\n    });\n  });\n});\n// Footer sitemap / CMS\nvalidateElementAndChildren('.c-footer-sitemap');\ncy.get('.c-footer-sitemap a').should('have.length.gt', 0).each(($el, index) => {\n  const href = $el.attr('href');\n  console.log('Retrieved href/anchors links are: ' + href);\n  if (href) {\n    retryAnchorGetRequest(url, href);\n    if (index < cy.$$('.c-footer-sitemap a').length - 1) {\n      cy.wait(2000);\n    }\n  }\n});",
              "err": {
                "message": "CypressError: `cy.click()` failed because it requires a DOM element.\n\nThe subject received was:\n\n  > `undefined`\n\nThe previous command that ran was:\n\n  > `cy.and()`",
                "estack": "CypressError: `cy.click()` failed because it requires a DOM element.\n\nThe subject received was:\n\n  > `undefined`\n\nThe previous command that ran was:\n\n  > `cy.and()`\n    at isElement (https://www.preprod.ryses.es/__cypress/runner/cypress_runner.js:145729:58)\n    at validateType (https://www.preprod.ryses.es/__cypress/runner/cypress_runner.js:145578:14)\n    at Object.isType (https://www.preprod.ryses.es/__cypress/runner/cypress_runner.js:145609:7)\n    at $Cy.pushSubject (https://www.preprod.ryses.es/__cypress/runner/cypress_runner.js:139277:22)\n    at wrapped (https://www.preprod.ryses.es/__cypress/runner/cypress_runner.js:138834:19)\n    at <unknown> (https://www.preprod.ryses.es/__cypress/runner/cypress_runner.js:144762:15)\n    at tryCatcher (https://www.preprod.ryses.es/__cypress/runner/cypress_runner.js:1777:23)\n    at Promise._settlePromiseFromHandler (https://www.preprod.ryses.es/__cypress/runner/cypress_runner.js:1489:31)\n    at Promise._settlePromise (https://www.preprod.ryses.es/__cypress/runner/cypress_runner.js:1546:18)\n    at Promise._settlePromiseCtx (https://www.preprod.ryses.es/__cypress/runner/cypress_runner.js:1583:10)\n    at _drainQueueStep (https://www.preprod.ryses.es/__cypress/runner/cypress_runner.js:2381:12)\n    at _drainQueue (https://www.preprod.ryses.es/__cypress/runner/cypress_runner.js:2370:9)\n    at Async._drainQueues (https://www.preprod.ryses.es/__cypress/runner/cypress_runner.js:2386:5)\n    at Async.drainQueues (https://www.preprod.ryses.es/__cypress/runner/cypress_runner.js:2256:14)",
                "diff": null
              },
              "uuid": "d04c4909-0a8b-4309-a81f-f7b1de62aba5",
              "parentUUID": "b67e4984-1e46-415b-bb3a-20244da3d67f",
              "isHook": false,
              "skipped": false
            }
          ],
          "suites": [],
          "passes": [
            "fd9b7f98-3085-49af-85f6-0bb0064a10b0"
          ],
          "failures": [
            "d04c4909-0a8b-4309-a81f-f7b1de62aba5"
          ],
          "pending": [],
          "skipped": [],
          "duration": 21539,
          "root": false,
          "rootEmpty": false,
          "_timeout": 2000
        }
      ],
      "passes": [],
      "failures": [],
      "pending": [],
      "skipped": [],
      "duration": 0,
      "root": true,
      "rootEmpty": true,
      "_timeout": 2000
    }
  ],
  "meta": {
    "mocha": {
      "version": "7.0.1"
    },
    "mochawesome": {
      "options": {
        "quiet": false,
        "reportFilename": "mochawesome",
        "saveHtml": false,
        "saveJson": true,
        "consoleReporter": "spec",
        "useInlineDiffs": false,
        "code": true
      },
      "version": "7.1.3"
    },
    "marge": {
      "options": {
        "reportDir": "cypress/reports",
        "overwrite": false,
        "html": false,
        "json": true,
        "charts": true,
        "reportPageTitle": "Cypress Nuxt Front : Report",
        "inlineAssets": true
      },
      "version": "6.2.0"
    }
  }
}