{
  "stats": {
    "suites": 1,
    "tests": 1,
    "passes": 1,
    "pending": 0,
    "failures": 0,
    "start": "2025-05-05T15:08:09.163Z",
    "end": "2025-05-05T15:14:42.487Z",
    "duration": 393324,
    "testsRegistered": 1,
    "passPercent": 100,
    "pendingPercent": 0,
    "other": 0,
    "hasOther": false,
    "skipped": 0,
    "hasSkipped": false
  },
  "results": [
    {
      "uuid": "a47af8dc-5fe9-4991-8c77-e81a358e628a",
      "title": "",
      "fullFile": "cypress/e2e/Standalones/FO/validateSitemapLinks.js",
      "file": "cypress/e2e/Standalones/FO/validateSitemapLinks.js",
      "beforeHooks": [],
      "afterHooks": [],
      "tests": [],
      "suites": [
        {
          "uuid": "341e6171-2689-49ac-8fda-661400533ded",
          "title": "Validate sitemap URLs dynamically for LBO && Ryses",
          "fullFile": "",
          "file": "",
          "beforeHooks": [],
          "afterHooks": [],
          "tests": [
            {
              "title": "Should validate URLs in sitemaps for all stores present in fixtures/stores.json",
              "fullTitle": "Validate sitemap URLs dynamically for LBO && Ryses Should validate URLs in sitemaps for all stores present in fixtures/stores.json",
              "timedOut": null,
              "duration": 393296,
              "state": "passed",
              "speed": "slow",
              "pass": true,
              "fail": false,
              "pending": false,
              "context": "\"../videos/validateSitemapLinks.js.mp4\"",
              "code": "const sitemapXmlRefToValidate = [{\n  key: \"lbo\",\n  url: `${expectedDomainByStore.lbo}/flux/sitemap_laboutiqueofficielle.xml`\n}, {\n  key: \"ryses_es\",\n  url: `${expectedDomainByStore.ryses_es}/flux/sitemap_ryses_es.xml`\n}, {\n  key: \"ryses_it\",\n  url: `${expectedDomainByStore.ryses_it}/flux/sitemap_ryses_it.xml`\n}];\nsitemapXmlRefToValidate.forEach(({\n  key,\n  url\n}) => {\n  parseSitemap(url).then(sitemapUrls => {\n    cy.wrap(sitemapUrls).each(sitemapUrl => {\n      if (sitemapUrl.endsWith('.xml')) {\n        parseSitemap(sitemapUrl).then(childUrls => checkUrls(childUrls, key));\n      } else {\n        checkUrls([sitemapUrl], key);\n      }\n    });\n  }).then(() => {\n    if (failedUrls[key].length > 0) {\n      cy.log(`Broken or invalid URLs found for ${key}:`);\n      failedUrls[key].forEach(url => cy.log(url));\n    }\n    expect(failedUrls[key]).to.be.empty;\n  });\n});",
              "err": {},
              "uuid": "c8fd8e51-5e56-44b2-b8e6-c1dd71da9504",
              "parentUUID": "341e6171-2689-49ac-8fda-661400533ded",
              "isHook": false,
              "skipped": false
            }
          ],
          "suites": [],
          "passes": [
            "c8fd8e51-5e56-44b2-b8e6-c1dd71da9504"
          ],
          "failures": [],
          "pending": [],
          "skipped": [],
          "duration": 393296,
          "root": false,
          "rootEmpty": false,
          "_timeout": 2000
        }
      ],
      "passes": [],
      "failures": [],
      "pending": [],
      "skipped": [],
      "duration": 0,
      "root": true,
      "rootEmpty": true,
      "_timeout": 2000
    }
  ],
  "meta": {
    "mocha": {
      "version": "7.2.0"
    },
    "mochawesome": {
      "options": {
        "quiet": false,
        "reportFilename": "mochawesome",
        "saveHtml": false,
        "saveJson": true,
        "consoleReporter": "spec",
        "useInlineDiffs": false,
        "code": true
      },
      "version": "7.1.3"
    },
    "marge": {
      "options": {
        "reportDir": "cypress/reports",
        "overwrite": false,
        "html": false,
        "json": true,
        "charts": true,
        "reportPageTitle": "Cypress Nuxt Front : Report",
        "inlineAssets": true
      },
      "version": "6.2.0"
    }
  }
}