{
  "stats": {
    "suites": 2,
    "tests": 2,
    "passes": 2,
    "pending": 0,
    "failures": 0,
    "start": "2025-04-30T07:51:15.162Z",
    "end": "2025-04-30T07:54:39.374Z",
    "duration": 204212,
    "testsRegistered": 2,
    "passPercent": 100,
    "pendingPercent": 0,
    "other": 0,
    "hasOther": false,
    "skipped": 0,
    "hasSkipped": false
  },
  "results": [
    {
      "uuid": "0d829939-3a69-4acf-ab14-72a45b533f66",
      "title": "",
      "fullFile": "cypress/e2e/Standalones/FO/checkoutCheck.js",
      "file": "cypress/e2e/Standalones/FO/checkoutCheck.js",
      "beforeHooks": [],
      "afterHooks": [],
      "tests": [],
      "suites": [
        {
          "uuid": "038dde86-6b9c-4ab0-9a3b-f2eebebd403f",
          "title": "addNewAccount.js: call LBO front-office subscription form, env de test",
          "fullFile": "",
          "file": "",
          "beforeHooks": [],
          "afterHooks": [],
          "tests": [
            {
              "title": "Add a new subscription (client) process on macbook-15",
              "fullTitle": "addNewAccount.js: call LBO front-office subscription form, env de test Add a new subscription (client) process on macbook-15",
              "timedOut": null,
              "duration": 52679,
              "state": "passed",
              "speed": "slow",
              "pass": true,
              "fail": false,
              "pending": false,
              "context": "\"../videos/checkoutCheck.js.mp4\"",
              "code": "cy.fixture('stores').then(stores => {\n  stores.forEach(store => {\n    cy.visit(store);\n    cy.acceptCookies();\n    cy.visit(`${store}/login?mode=connection`, {\n      failOnStatusCode: false\n    });\n    cy.validateElement('[data-cy=customer-registration]').wait(2000);\n    cy.get('[data-cy=customer-registration]').click({\n      force: true\n    });\n    cy.url().should('contain', 'login?mode=connection');\n    // Customer registration\n    cy.acceptCookies();\n    cy.customInfo();\n    // Confirm subscription\n    cy.validateElement('[data-cy=submit] > .c-btn');\n    cy.get('[data-cy=submit] > .c-btn').click({\n      force: true\n    });\n    cy.wait(3000); /* TO KEEP FOR CI TESTS */\n    cy.validateElement('.c-form-message');\n  });\n});",
              "err": {},
              "uuid": "4cce8a61-e6f3-40da-b9fe-5a5de7361f32",
              "parentUUID": "038dde86-6b9c-4ab0-9a3b-f2eebebd403f",
              "isHook": false,
              "skipped": false
            }
          ],
          "suites": [],
          "passes": [
            "4cce8a61-e6f3-40da-b9fe-5a5de7361f32"
          ],
          "failures": [],
          "pending": [],
          "skipped": [],
          "duration": 52679,
          "root": false,
          "rootEmpty": false,
          "_timeout": 2000
        },
        {
          "uuid": "ab16812f-cc33-46f3-b584-d65b83c07332",
          "title": "Validating BANK CHECK checkout process",
          "fullFile": "",
          "file": "",
          "beforeHooks": [],
          "afterHooks": [],
          "tests": [
            {
              "title": "Proceeding with checkout on macbook-15",
              "fullTitle": "Validating BANK CHECK checkout process Proceeding with checkout on macbook-15",
              "timedOut": null,
              "duration": 150811,
              "state": "passed",
              "speed": "slow",
              "pass": true,
              "fail": false,
              "pending": false,
              "context": "\"../videos/checkoutCheck.js.mp4\"",
              "code": "cy.fixture('stores').then(stores => {\n  stores.forEach(store => {\n    cy.visit(store, {\n      failOnStatusCode: false,\n      responseTimeout: 10000,\n      followRedirect: true\n    });\n    cy.acceptCookies();\n    cy.customLogin();\n    cy.listingApiCalls();\n    cy.commonApiInterception();\n    cy.addShippingAddress();\n    cy.addProductToBasket();\n    cy.productSizer();\n    cy.basketValidation();\n    cy.selectShippingMethod(store);\n    cy.passiveCheckoutCheck(store);\n  });\n});",
              "err": {},
              "uuid": "21ff1407-c3f9-4f10-9afb-b26ecae78c4d",
              "parentUUID": "ab16812f-cc33-46f3-b584-d65b83c07332",
              "isHook": false,
              "skipped": false
            }
          ],
          "suites": [],
          "passes": [
            "21ff1407-c3f9-4f10-9afb-b26ecae78c4d"
          ],
          "failures": [],
          "pending": [],
          "skipped": [],
          "duration": 150811,
          "root": false,
          "rootEmpty": false,
          "_timeout": 2000
        }
      ],
      "passes": [],
      "failures": [],
      "pending": [],
      "skipped": [],
      "duration": 0,
      "root": true,
      "rootEmpty": true,
      "_timeout": 2000
    }
  ],
  "meta": {
    "mocha": {
      "version": "7.2.0"
    },
    "mochawesome": {
      "options": {
        "quiet": false,
        "reportFilename": "mochawesome",
        "saveHtml": false,
        "saveJson": true,
        "consoleReporter": "spec",
        "useInlineDiffs": false,
        "code": true
      },
      "version": "7.1.3"
    },
    "marge": {
      "options": {
        "reportDir": "cypress/reports",
        "overwrite": false,
        "html": false,
        "json": true,
        "charts": true,
        "reportPageTitle": "Cypress Nuxt Front : Report",
        "inlineAssets": true
      },
      "version": "6.2.0"
    }
  }
}