{
  "stats": {
    "suites": 2,
    "tests": 10,
    "passes": 10,
    "pending": 0,
    "failures": 0,
    "start": "2025-05-20T07:34:47.646Z",
    "end": "2025-05-20T07:36:58.739Z",
    "duration": 131093,
    "testsRegistered": 10,
    "passPercent": 100,
    "pendingPercent": 0,
    "other": 0,
    "hasOther": false,
    "skipped": 0,
    "hasSkipped": false
  },
  "results": [
    {
      "uuid": "bf14eab4-8079-412f-8bfc-a4332e90c6c7",
      "title": "",
      "fullFile": "cypress/e2e/Standalones/FO/contactUs.js",
      "file": "cypress/e2e/Standalones/FO/contactUs.js",
      "beforeHooks": [],
      "afterHooks": [],
      "tests": [],
      "suites": [
        {
          "uuid": "0e75846e-bec3-474b-980e-f5a69ee767fa",
          "title": "ContactUs.js: call front-office contact_us form for https://www.preprod.laboutiqueofficielle.com",
          "fullFile": "",
          "file": "",
          "beforeHooks": [],
          "afterHooks": [],
          "tests": [
            {
              "title": "Send a correct & complete message for https://www.preprod.laboutiqueofficielle.com",
              "fullTitle": "ContactUs.js: call front-office contact_us form for https://www.preprod.laboutiqueofficielle.com Send a correct & complete message for https://www.preprod.laboutiqueofficielle.com",
              "timedOut": null,
              "duration": 16778,
              "state": "passed",
              "speed": "slow",
              "pass": true,
              "fail": false,
              "pending": false,
              "context": "\"../videos/contactUs.js.mp4\"",
              "code": "// Fill up the contact form\ncontactUsFormAssertionValidations();\ntextInsertionWarmpUpDummy();\ncy.get('[data-cy=\"name\"]').type(Cypress.env('custom_lastname'));\ncy.get('[data-cy=\"firstname\"]').type(Cypress.env('custom_firstname'));\ncy.get('[data-cy=\"email\"]').type(this.data.custom_email);\ncy.get('[data-cy=\"message\"]').type('This test is awsome :)');\nselectContactRequestReason();\ncy.validateElement('[data-cy=\"submit\"]').get('[data-cy=\"submit\"]').click({\n  force: true\n});\n// Automatic reply ==> [TO KEEP] /!\\ BUG FIX IS STILL IN PROGRESS /!\\\n/*cy.validateElement('[data-cy=\"submitMessage\"]')\ncy.get('[data-cy=\"submitMessage\"]').should('exist')*/",
              "err": {},
              "uuid": "c436f4e8-60d2-4bf3-94c5-417c363bcb24",
              "parentUUID": "0e75846e-bec3-474b-980e-f5a69ee767fa",
              "isHook": false,
              "skipped": false
            },
            {
              "title": "Send a message without customer surname for https://www.preprod.laboutiqueofficielle.com",
              "fullTitle": "ContactUs.js: call front-office contact_us form for https://www.preprod.laboutiqueofficielle.com Send a message without customer surname for https://www.preprod.laboutiqueofficielle.com",
              "timedOut": null,
              "duration": 12907,
              "state": "passed",
              "speed": "slow",
              "pass": true,
              "fail": false,
              "pending": false,
              "context": "\"../videos/contactUs.js.mp4\"",
              "code": "contactUsFormAssertionValidations();\ntextInsertionWarmpUpDummy();\n// Fill up the contact form && submit\ncy.get('[data-cy=\"firstname\"]').type(Cypress.env('custom_firstname')).get('[data-cy=\"email\"]').type(this.data.custom_email).get('[data-cy=\"message\"]').type(' Where is your customer surname? :( ').get('[data-cy=\"submit\"]').click({\n  force: true\n}).get('[data-cy=\"name\"]').should('have.length', 1).get('[data-cy=\"submitMessage\"]').should('not.exist');",
              "err": {},
              "uuid": "e5364db6-6469-4cc1-8f7c-d2286f4cc496",
              "parentUUID": "0e75846e-bec3-474b-980e-f5a69ee767fa",
              "isHook": false,
              "skipped": false
            },
            {
              "title": "Send a message without customer first name for https://www.preprod.laboutiqueofficielle.com",
              "fullTitle": "ContactUs.js: call front-office contact_us form for https://www.preprod.laboutiqueofficielle.com Send a message without customer first name for https://www.preprod.laboutiqueofficielle.com",
              "timedOut": null,
              "duration": 12097,
              "state": "passed",
              "speed": "slow",
              "pass": true,
              "fail": false,
              "pending": false,
              "context": "\"../videos/contactUs.js.mp4\"",
              "code": "contactUsFormAssertionValidations();\ntextInsertionWarmpUpDummy();\n// Fill up the contact form && submit\ncy.get('[data-cy=\"name\"]').type(Cypress.env('custom_lastname')).validateElement('[data-cy=\"firstname\"]').get('[data-cy=\"email\"]').type(this.data.custom_email).get('[data-cy=\"message\"]').type(' Where is your customer first name? :( ').get('[data-cy=\"submit\"]').click({\n  force: true\n}).get('[data-cy=\"firstname\"]').should('have.length', 1).get('[data-cy=\"submitMessage\"]').should('not.exist');",
              "err": {},
              "uuid": "bef59914-a296-42a1-9202-c3f3d1cec0e5",
              "parentUUID": "0e75846e-bec3-474b-980e-f5a69ee767fa",
              "isHook": false,
              "skipped": false
            },
            {
              "title": "Send a message with an email wrongly formatted AND/OR without any email for https://www.preprod.laboutiqueofficielle.com",
              "fullTitle": "ContactUs.js: call front-office contact_us form for https://www.preprod.laboutiqueofficielle.com Send a message with an email wrongly formatted AND/OR without any email for https://www.preprod.laboutiqueofficielle.com",
              "timedOut": null,
              "duration": 12396,
              "state": "passed",
              "speed": "slow",
              "pass": true,
              "fail": false,
              "pending": false,
              "context": "\"../videos/contactUs.js.mp4\"",
              "code": "contactUsFormAssertionValidations();\ntextInsertionWarmpUpDummy();\n// Fill up the contact form\ncy.get('[data-cy=\"name\"]').type(Cypress.env('custom_lastname')).get('[data-cy=\"firstname\"]').type(Cypress.env('custom_firstname'));\n// Email REGEX valid format\nconst uuid = () => Cypress._.random(0, 1e6);\nconst RANDOM = uuid();\nvar EMAIL_REGEX_CHECK = /^[a-zA-Z0-9.!#$%&'*+/=?^_`{|}~-]+@[a-zA-Z0-9-]+(?:\\.[a-zA-Z0-9-]+)*$/;\ncy.get('[data-cy=\"email\"]').type('test' + RANDOM + '@gmail').get('[data-cy=\"email\"]').invoke('val').should('match', EMAIL_REGEX_CHECK).get('[data-cy=\"message\"]').type(' Where is your customer email @ ? :( ');\n// select a reason and submit\nselectContactRequestReason();\ncy.get('[data-cy=\"submit\"]').click({\n  force: true\n}).get('[data-cy=\"submitMessage\"]').should('not.exist');",
              "err": {},
              "uuid": "c896e49c-c8f3-40a8-978c-42567107bef6",
              "parentUUID": "0e75846e-bec3-474b-980e-f5a69ee767fa",
              "isHook": false,
              "skipped": false
            },
            {
              "title": "Send a message without any body for https://www.preprod.laboutiqueofficielle.com",
              "fullTitle": "ContactUs.js: call front-office contact_us form for https://www.preprod.laboutiqueofficielle.com Send a message without any body for https://www.preprod.laboutiqueofficielle.com",
              "timedOut": null,
              "duration": 11867,
              "state": "passed",
              "speed": "slow",
              "pass": true,
              "fail": false,
              "pending": false,
              "context": "\"../videos/contactUs.js.mp4\"",
              "code": "contactUsFormAssertionValidations();\ntextInsertionWarmpUpDummy();\n// Fill up the contact form\ncy.get('[data-cy=\"name\"]').type(Cypress.env('custom_lastname'));\ncy.get('[data-cy=\"firstname\"]').type(Cypress.env('custom_firstname'));\ncy.get('[data-cy=\"email\"]').type(this.data.custom_email);\n// select a reason and submit\nselectContactRequestReason();\ncy.get('[data-cy=\"submit\"]').click({\n  force: true\n}).get('[data-cy=\"submitMessage\"]').should('not.exist');",
              "err": {},
              "uuid": "938ed4ff-a0b8-404e-aa30-fafee6e9addb",
              "parentUUID": "0e75846e-bec3-474b-980e-f5a69ee767fa",
              "isHook": false,
              "skipped": false
            }
          ],
          "suites": [],
          "passes": [
            "c436f4e8-60d2-4bf3-94c5-417c363bcb24",
            "e5364db6-6469-4cc1-8f7c-d2286f4cc496",
            "bef59914-a296-42a1-9202-c3f3d1cec0e5",
            "c896e49c-c8f3-40a8-978c-42567107bef6",
            "938ed4ff-a0b8-404e-aa30-fafee6e9addb"
          ],
          "failures": [],
          "pending": [],
          "skipped": [],
          "duration": 66045,
          "root": false,
          "rootEmpty": false,
          "_timeout": 2000
        },
        {
          "uuid": "5fa268a7-f466-4f2a-9ab4-2a9f77078b0c",
          "title": "ContactUs.js: call front-office contact_us form for https://www.preprod.ryses.es",
          "fullFile": "",
          "file": "",
          "beforeHooks": [],
          "afterHooks": [],
          "tests": [
            {
              "title": "Send a correct & complete message for https://www.preprod.ryses.es",
              "fullTitle": "ContactUs.js: call front-office contact_us form for https://www.preprod.ryses.es Send a correct & complete message for https://www.preprod.ryses.es",
              "timedOut": null,
              "duration": 12382,
              "state": "passed",
              "speed": "slow",
              "pass": true,
              "fail": false,
              "pending": false,
              "context": "\"../videos/contactUs.js.mp4\"",
              "code": "// Fill up the contact form\ncontactUsFormAssertionValidations();\ntextInsertionWarmpUpDummy();\ncy.get('[data-cy=\"name\"]').type(Cypress.env('custom_lastname'));\ncy.get('[data-cy=\"firstname\"]').type(Cypress.env('custom_firstname'));\ncy.get('[data-cy=\"email\"]').type(this.data.custom_email);\ncy.get('[data-cy=\"message\"]').type('This test is awsome :)');\nselectContactRequestReason();\ncy.validateElement('[data-cy=\"submit\"]').get('[data-cy=\"submit\"]').click({\n  force: true\n});\n// Automatic reply ==> [TO KEEP] /!\\ BUG FIX IS STILL IN PROGRESS /!\\\n/*cy.validateElement('[data-cy=\"submitMessage\"]')\ncy.get('[data-cy=\"submitMessage\"]').should('exist')*/",
              "err": {},
              "uuid": "c4c40392-11ec-4c54-bc30-994d363b1191",
              "parentUUID": "5fa268a7-f466-4f2a-9ab4-2a9f77078b0c",
              "isHook": false,
              "skipped": false
            },
            {
              "title": "Send a message without customer surname for https://www.preprod.ryses.es",
              "fullTitle": "ContactUs.js: call front-office contact_us form for https://www.preprod.ryses.es Send a message without customer surname for https://www.preprod.ryses.es",
              "timedOut": null,
              "duration": 12421,
              "state": "passed",
              "speed": "slow",
              "pass": true,
              "fail": false,
              "pending": false,
              "context": "\"../videos/contactUs.js.mp4\"",
              "code": "contactUsFormAssertionValidations();\ntextInsertionWarmpUpDummy();\n// Fill up the contact form && submit\ncy.get('[data-cy=\"firstname\"]').type(Cypress.env('custom_firstname')).get('[data-cy=\"email\"]').type(this.data.custom_email).get('[data-cy=\"message\"]').type(' Where is your customer surname? :( ').get('[data-cy=\"submit\"]').click({\n  force: true\n}).get('[data-cy=\"name\"]').should('have.length', 1).get('[data-cy=\"submitMessage\"]').should('not.exist');",
              "err": {},
              "uuid": "366c607b-01b5-4e70-98f6-99abc5eab426",
              "parentUUID": "5fa268a7-f466-4f2a-9ab4-2a9f77078b0c",
              "isHook": false,
              "skipped": false
            },
            {
              "title": "Send a message without customer first name for https://www.preprod.ryses.es",
              "fullTitle": "ContactUs.js: call front-office contact_us form for https://www.preprod.ryses.es Send a message without customer first name for https://www.preprod.ryses.es",
              "timedOut": null,
              "duration": 12325,
              "state": "passed",
              "speed": "slow",
              "pass": true,
              "fail": false,
              "pending": false,
              "context": "\"../videos/contactUs.js.mp4\"",
              "code": "contactUsFormAssertionValidations();\ntextInsertionWarmpUpDummy();\n// Fill up the contact form && submit\ncy.get('[data-cy=\"name\"]').type(Cypress.env('custom_lastname')).validateElement('[data-cy=\"firstname\"]').get('[data-cy=\"email\"]').type(this.data.custom_email).get('[data-cy=\"message\"]').type(' Where is your customer first name? :( ').get('[data-cy=\"submit\"]').click({\n  force: true\n}).get('[data-cy=\"firstname\"]').should('have.length', 1).get('[data-cy=\"submitMessage\"]').should('not.exist');",
              "err": {},
              "uuid": "758a9aa1-ac72-4b8a-bf5d-214682dc53e6",
              "parentUUID": "5fa268a7-f466-4f2a-9ab4-2a9f77078b0c",
              "isHook": false,
              "skipped": false
            },
            {
              "title": "Send a message with an email wrongly formatted AND/OR without any email for https://www.preprod.ryses.es",
              "fullTitle": "ContactUs.js: call front-office contact_us form for https://www.preprod.ryses.es Send a message with an email wrongly formatted AND/OR without any email for https://www.preprod.ryses.es",
              "timedOut": null,
              "duration": 12999,
              "state": "passed",
              "speed": "slow",
              "pass": true,
              "fail": false,
              "pending": false,
              "context": "\"../videos/contactUs.js.mp4\"",
              "code": "contactUsFormAssertionValidations();\ntextInsertionWarmpUpDummy();\n// Fill up the contact form\ncy.get('[data-cy=\"name\"]').type(Cypress.env('custom_lastname')).get('[data-cy=\"firstname\"]').type(Cypress.env('custom_firstname'));\n// Email REGEX valid format\nconst uuid = () => Cypress._.random(0, 1e6);\nconst RANDOM = uuid();\nvar EMAIL_REGEX_CHECK = /^[a-zA-Z0-9.!#$%&'*+/=?^_`{|}~-]+@[a-zA-Z0-9-]+(?:\\.[a-zA-Z0-9-]+)*$/;\ncy.get('[data-cy=\"email\"]').type('test' + RANDOM + '@gmail').get('[data-cy=\"email\"]').invoke('val').should('match', EMAIL_REGEX_CHECK).get('[data-cy=\"message\"]').type(' Where is your customer email @ ? :( ');\n// select a reason and submit\nselectContactRequestReason();\ncy.get('[data-cy=\"submit\"]').click({\n  force: true\n}).get('[data-cy=\"submitMessage\"]').should('not.exist');",
              "err": {},
              "uuid": "6dfa98dd-082f-46c6-ae02-964558a61bdb",
              "parentUUID": "5fa268a7-f466-4f2a-9ab4-2a9f77078b0c",
              "isHook": false,
              "skipped": false
            },
            {
              "title": "Send a message without any body for https://www.preprod.ryses.es",
              "fullTitle": "ContactUs.js: call front-office contact_us form for https://www.preprod.ryses.es Send a message without any body for https://www.preprod.ryses.es",
              "timedOut": null,
              "duration": 12729,
              "state": "passed",
              "speed": "slow",
              "pass": true,
              "fail": false,
              "pending": false,
              "context": "\"../videos/contactUs.js.mp4\"",
              "code": "contactUsFormAssertionValidations();\ntextInsertionWarmpUpDummy();\n// Fill up the contact form\ncy.get('[data-cy=\"name\"]').type(Cypress.env('custom_lastname'));\ncy.get('[data-cy=\"firstname\"]').type(Cypress.env('custom_firstname'));\ncy.get('[data-cy=\"email\"]').type(this.data.custom_email);\n// select a reason and submit\nselectContactRequestReason();\ncy.get('[data-cy=\"submit\"]').click({\n  force: true\n}).get('[data-cy=\"submitMessage\"]').should('not.exist');",
              "err": {},
              "uuid": "07b7eebb-8383-4261-aeb1-1b1f67bddecf",
              "parentUUID": "5fa268a7-f466-4f2a-9ab4-2a9f77078b0c",
              "isHook": false,
              "skipped": false
            }
          ],
          "suites": [],
          "passes": [
            "c4c40392-11ec-4c54-bc30-994d363b1191",
            "366c607b-01b5-4e70-98f6-99abc5eab426",
            "758a9aa1-ac72-4b8a-bf5d-214682dc53e6",
            "6dfa98dd-082f-46c6-ae02-964558a61bdb",
            "07b7eebb-8383-4261-aeb1-1b1f67bddecf"
          ],
          "failures": [],
          "pending": [],
          "skipped": [],
          "duration": 62856,
          "root": false,
          "rootEmpty": false,
          "_timeout": 2000
        }
      ],
      "passes": [],
      "failures": [],
      "pending": [],
      "skipped": [],
      "duration": 0,
      "root": true,
      "rootEmpty": true,
      "_timeout": 2000
    }
  ],
  "meta": {
    "mocha": {
      "version": "7.2.0"
    },
    "mochawesome": {
      "options": {
        "quiet": false,
        "reportFilename": "mochawesome",
        "saveHtml": false,
        "saveJson": true,
        "consoleReporter": "spec",
        "useInlineDiffs": false,
        "code": true
      },
      "version": "7.1.3"
    },
    "marge": {
      "options": {
        "reportDir": "cypress/reports",
        "overwrite": false,
        "html": false,
        "json": true,
        "charts": true,
        "reportPageTitle": "Cypress Nuxt Front : Report",
        "inlineAssets": true
      },
      "version": "6.2.0"
    }
  }
}