{
  "stats": {
    "suites": 2,
    "tests": 2,
    "passes": 2,
    "pending": 0,
    "failures": 0,
    "start": "2025-03-12T13:14:43.252Z",
    "end": "2025-03-12T13:16:52.811Z",
    "duration": 129559,
    "testsRegistered": 2,
    "passPercent": 100,
    "pendingPercent": 0,
    "other": 0,
    "hasOther": false,
    "skipped": 0,
    "hasSkipped": false
  },
  "results": [
    {
      "uuid": "a2dc7ce9-5015-490d-a48e-1927210cfd71",
      "title": "",
      "fullFile": "cypress/e2e/Standalones/FO/homePageMainMenuListing.js",
      "file": "cypress/e2e/Standalones/FO/homePageMainMenuListing.js",
      "beforeHooks": [],
      "afterHooks": [],
      "tests": [],
      "suites": [
        {
          "uuid": "15842e70-eec2-4589-b67e-011f9a320a78",
          "title": "Testing home page main menu product listing queries on https://www.preprod.laboutiqueofficielle.com",
          "fullFile": "",
          "file": "",
          "beforeHooks": [],
          "afterHooks": [],
          "tests": [
            {
              "title": "Validates HTTP responses for links on https://www.preprod.laboutiqueofficielle.com",
              "fullTitle": "Testing home page main menu product listing queries on https://www.preprod.laboutiqueofficielle.com Validates HTTP responses for links on https://www.preprod.laboutiqueofficielle.com",
              "timedOut": null,
              "duration": 75543,
              "state": "passed",
              "speed": "slow",
              "pass": true,
              "fail": false,
              "pending": false,
              "context": "\"../videos/homePageMainMenuListing.js.mp4\"",
              "code": "cy.wrap(hrefLinks).then(links => {\n  const batchSize = 250;\n  // Process links in batches (handling async requests in node context)\n  Cypress._.chunk(links, batchSize).forEach((batchLinks, batchIndex) => {\n    cy.task('batchRequest', {\n      baseUrl: url,\n      paths: batchLinks\n    }, {\n      timeout: 120000\n    }).then(responses => {\n      responses.forEach(({\n        href,\n        status\n      }, index) => {\n        const linkIndex = batchIndex * batchSize + index + 1;\n        cy.log(`Visited href ${linkIndex}: ${href}`);\n        // Validate HTTP status\n        if (status) {\n          expect(status).to.not.be.oneOf([400, 401, 403, 404, 500, 502, 503]);\n          expect(status).to.be.oneOf([200, 301, 302]);\n        } else {\n          cy.log(`Empty HTTP response for ${href}, skipping...`);\n        }\n        cy.validateElement('[data-cy=\"home-page-main-menu\"]');\n      });\n    });\n  });\n});",
              "err": {},
              "uuid": "b234b13f-8e04-4863-8673-a3cd56193b8a",
              "parentUUID": "15842e70-eec2-4589-b67e-011f9a320a78",
              "isHook": false,
              "skipped": false
            }
          ],
          "suites": [],
          "passes": [
            "b234b13f-8e04-4863-8673-a3cd56193b8a"
          ],
          "failures": [],
          "pending": [],
          "skipped": [],
          "duration": 75543,
          "root": false,
          "rootEmpty": false,
          "_timeout": 2000
        },
        {
          "uuid": "6861b08e-d5d9-481d-b9e2-15c337d779f7",
          "title": "Testing home page main menu product listing queries on https://www.preprod.ryses.es",
          "fullFile": "",
          "file": "",
          "beforeHooks": [],
          "afterHooks": [],
          "tests": [
            {
              "title": "Validates HTTP responses for links on https://www.preprod.ryses.es",
              "fullTitle": "Testing home page main menu product listing queries on https://www.preprod.ryses.es Validates HTTP responses for links on https://www.preprod.ryses.es",
              "timedOut": null,
              "duration": 51319,
              "state": "passed",
              "speed": "slow",
              "pass": true,
              "fail": false,
              "pending": false,
              "context": "\"../videos/homePageMainMenuListing.js.mp4\"",
              "code": "cy.wrap(hrefLinks).then(links => {\n  const batchSize = 250;\n  // Process links in batches (handling async requests in node context)\n  Cypress._.chunk(links, batchSize).forEach((batchLinks, batchIndex) => {\n    cy.task('batchRequest', {\n      baseUrl: url,\n      paths: batchLinks\n    }, {\n      timeout: 120000\n    }).then(responses => {\n      responses.forEach(({\n        href,\n        status\n      }, index) => {\n        const linkIndex = batchIndex * batchSize + index + 1;\n        cy.log(`Visited href ${linkIndex}: ${href}`);\n        // Validate HTTP status\n        if (status) {\n          expect(status).to.not.be.oneOf([400, 401, 403, 404, 500, 502, 503]);\n          expect(status).to.be.oneOf([200, 301, 302]);\n        } else {\n          cy.log(`Empty HTTP response for ${href}, skipping...`);\n        }\n        cy.validateElement('[data-cy=\"home-page-main-menu\"]');\n      });\n    });\n  });\n});",
              "err": {},
              "uuid": "51dbc1c6-fa5c-4278-9b44-f44cf3129173",
              "parentUUID": "6861b08e-d5d9-481d-b9e2-15c337d779f7",
              "isHook": false,
              "skipped": false
            }
          ],
          "suites": [],
          "passes": [
            "51dbc1c6-fa5c-4278-9b44-f44cf3129173"
          ],
          "failures": [],
          "pending": [],
          "skipped": [],
          "duration": 51319,
          "root": false,
          "rootEmpty": false,
          "_timeout": 2000
        }
      ],
      "passes": [],
      "failures": [],
      "pending": [],
      "skipped": [],
      "duration": 0,
      "root": true,
      "rootEmpty": true,
      "_timeout": 2000
    }
  ],
  "meta": {
    "mocha": {
      "version": "7.0.1"
    },
    "mochawesome": {
      "options": {
        "quiet": false,
        "reportFilename": "mochawesome",
        "saveHtml": false,
        "saveJson": true,
        "consoleReporter": "spec",
        "useInlineDiffs": false,
        "code": true
      },
      "version": "7.1.3"
    },
    "marge": {
      "options": {
        "reportDir": "cypress/reports",
        "overwrite": false,
        "html": false,
        "json": true,
        "charts": true,
        "reportPageTitle": "Cypress Nuxt Front : Report",
        "inlineAssets": true
      },
      "version": "6.2.0"
    }
  }
}