{
  "stats": {
    "suites": 2,
    "tests": 2,
    "passes": 2,
    "pending": 0,
    "failures": 0,
    "start": "2025-05-15T10:07:26.130Z",
    "end": "2025-05-15T10:09:20.796Z",
    "duration": 114666,
    "testsRegistered": 2,
    "passPercent": 100,
    "pendingPercent": 0,
    "other": 0,
    "hasOther": false,
    "skipped": 0,
    "hasSkipped": false
  },
  "results": [
    {
      "uuid": "b8b80e2a-805d-4be2-8e6a-fd42cf4f61b1",
      "title": "",
      "fullFile": "cypress/e2e/Standalones/FO/hybridcheckoutGiftCardAndFCC.js",
      "file": "cypress/e2e/Standalones/FO/hybridcheckoutGiftCardAndFCC.js",
      "beforeHooks": [],
      "afterHooks": [],
      "tests": [],
      "suites": [
        {
          "uuid": "deac94c8-6833-468e-9d85-30ecf36b6602",
          "title": "addNewAccount.js: call LBO front-office subscription form, env de test",
          "fullFile": "",
          "file": "",
          "beforeHooks": [],
          "afterHooks": [],
          "tests": [
            {
              "title": "Add a new subscription (client) process on macbook-15",
              "fullTitle": "addNewAccount.js: call LBO front-office subscription form, env de test Add a new subscription (client) process on macbook-15",
              "timedOut": null,
              "duration": 51671,
              "state": "passed",
              "speed": "slow",
              "pass": true,
              "fail": false,
              "pending": false,
              "context": "\"../videos/hybridcheckoutGiftCardAndFCC.js.mp4\"",
              "code": "cy.fixture('stores').then(stores => {\n  stores.forEach(store => {\n    cy.visit(store);\n    cy.acceptCookies();\n    cy.visit(`${store}/login?mode=connection`, {\n      failOnStatusCode: false\n    });\n    cy.validateElement('[data-cy=customer-registration]').wait(2000);\n    cy.get('[data-cy=customer-registration]').click({\n      force: true\n    });\n    cy.url().should('contain', 'login?mode=connection');\n    // Customer registration\n    cy.acceptCookies();\n    cy.customInfo();\n    // Confirm subscription\n    cy.validateElement('[data-cy=submit] > .c-btn');\n    cy.get('[data-cy=submit] > .c-btn').click({\n      force: true\n    });\n    cy.wait(3000); /* TO KEEP FOR CI TESTS */\n    cy.validateElement('.c-form-message');\n  });\n});",
              "err": {},
              "uuid": "1ba8cf99-7697-4ff1-a3aa-20f590f56c7a",
              "parentUUID": "deac94c8-6833-468e-9d85-30ecf36b6602",
              "isHook": false,
              "skipped": false
            }
          ],
          "suites": [],
          "passes": [
            "1ba8cf99-7697-4ff1-a3aa-20f590f56c7a"
          ],
          "failures": [],
          "pending": [],
          "skipped": [],
          "duration": 51671,
          "root": false,
          "rootEmpty": false,
          "_timeout": 2000
        },
        {
          "uuid": "f9047513-07e7-4068-93e9-d2747744c392",
          "title": "Validate hybrid gift card checkout process and GC + frictionless payment",
          "fullFile": "",
          "file": "",
          "beforeHooks": [],
          "afterHooks": [],
          "tests": [
            {
              "title": "Navigate and test checkout process on viewport: macbook-15",
              "fullTitle": "Validate hybrid gift card checkout process and GC + frictionless payment Navigate and test checkout process on viewport: macbook-15",
              "timedOut": null,
              "duration": 62390,
              "state": "passed",
              "speed": "slow",
              "pass": true,
              "fail": false,
              "pending": false,
              "context": "\"../videos/hybridcheckoutGiftCardAndFCC.js.mp4\"",
              "code": "cy.fixture('shippingInfo.json').then(({\n  FRANCE\n}) => {\n  cy.fixture('stores').then(stores => {\n    // Filter stores to only include the FRANCE store (only store available for this test)\n    const franceStores = stores.filter(store => store.includes(FRANCE.storeUrl));\n    franceStores.forEach(store => {\n      cy.visit(store, {\n        failOnStatusCode: false,\n        responseTimeout: 10000,\n        followRedirect: true\n      });\n      cy.acceptCookies();\n      cy.customLogin();\n      cy.addShippingAddress();\n      cy.listingApiCalls();\n      cy.commonApiInterception();\n      cy.basketCreationProcess({\n        store\n      });\n      cy.visit(store + '/account', {\n        failOnStatusCode: false,\n        responseTimeout: 10000,\n        followRedirect: true\n      });\n      // Activate gift card (only once here)\n      for (let i = 0; i < 2; i++) {\n        activateGiftCardPinCode();\n      }\n      // Proceed with checkout after gift card is applied\n      cy.basketValidation();\n      cy.selectShippingMethod();\n      cy.intercept('GET', '**/v4/secure/checkout/payments/available/**').as('basketDataValidation');\n      cy.intercept('POST', 'https://stage-data.hipay.com/checkout-data').as('hipayDataValidation');\n      cy.validateVoucherSelection();\n      cy.creditVoucherPayment();\n      cy.validateVoucherPaymentConfirmation();\n    });\n  });\n});",
              "err": {},
              "uuid": "397296f3-a230-452e-92b6-4daf14becfd0",
              "parentUUID": "f9047513-07e7-4068-93e9-d2747744c392",
              "isHook": false,
              "skipped": false
            }
          ],
          "suites": [],
          "passes": [
            "397296f3-a230-452e-92b6-4daf14becfd0"
          ],
          "failures": [],
          "pending": [],
          "skipped": [],
          "duration": 62390,
          "root": false,
          "rootEmpty": false,
          "_timeout": 2000
        }
      ],
      "passes": [],
      "failures": [],
      "pending": [],
      "skipped": [],
      "duration": 0,
      "root": true,
      "rootEmpty": true,
      "_timeout": 2000
    }
  ],
  "meta": {
    "mocha": {
      "version": "7.2.0"
    },
    "mochawesome": {
      "options": {
        "quiet": false,
        "reportFilename": "mochawesome",
        "saveHtml": false,
        "saveJson": true,
        "consoleReporter": "spec",
        "useInlineDiffs": false,
        "code": true
      },
      "version": "7.1.3"
    },
    "marge": {
      "options": {
        "reportDir": "cypress/reports",
        "overwrite": false,
        "html": false,
        "json": true,
        "charts": true,
        "reportPageTitle": "Cypress Nuxt Front : Report",
        "inlineAssets": true
      },
      "version": "6.2.0"
    }
  }
}