{
  "stats": {
    "suites": 1,
    "tests": 1,
    "passes": 1,
    "pending": 0,
    "failures": 0,
    "start": "2025-03-12T16:34:49.556Z",
    "end": "2025-03-12T16:35:44.967Z",
    "duration": 55411,
    "testsRegistered": 1,
    "passPercent": 100,
    "pendingPercent": 0,
    "other": 0,
    "hasOther": false,
    "skipped": 0,
    "hasSkipped": false
  },
  "results": [
    {
      "uuid": "c4ec4607-692f-4df3-9c88-18be317cca28",
      "title": "",
      "fullFile": "cypress/e2e/Classic/addNewAccount.js",
      "file": "cypress/e2e/Classic/addNewAccount.js",
      "beforeHooks": [],
      "afterHooks": [],
      "tests": [],
      "suites": [
        {
          "uuid": "676839c8-27fe-4bb1-b5a3-b2db213092a3",
          "title": "addNewAccount.js: call LBO front-office subscription form, env de test",
          "fullFile": "",
          "file": "",
          "beforeHooks": [],
          "afterHooks": [],
          "tests": [
            {
              "title": "Add a new subscription (client) process on macbook-15",
              "fullTitle": "addNewAccount.js: call LBO front-office subscription form, env de test Add a new subscription (client) process on macbook-15",
              "timedOut": null,
              "duration": 54580,
              "state": "passed",
              "speed": "slow",
              "pass": true,
              "fail": false,
              "pending": false,
              "context": "\"../videos/addNewAccount.js.mp4\"",
              "code": "cy.fixture('stores').then(stores => {\n  stores.forEach(store => {\n    cy.visit(store);\n    cy.acceptCookies();\n    cy.visit(`${store}/login?mode=connection`, {\n      failOnStatusCode: false\n    });\n    cy.validateElement('[data-cy=customer-registration]').wait(2000);\n    cy.get('[data-cy=customer-registration]').click({\n      force: true\n    });\n    cy.url().should('contain', 'login?mode=connection');\n    // Customer registration\n    cy.acceptCookies();\n    cy.customInfo();\n    // Confirm subscription\n    cy.validateElement('[data-cy=submit] > .c-btn');\n    cy.get('[data-cy=submit] > .c-btn').click({\n      force: true\n    });\n    cy.wait(3000); /* TO KEEP FOR CI TESTS */\n    cy.validateElement('.c-form-message');\n  });\n});",
              "err": {},
              "uuid": "cdaabedd-2238-4ede-a04c-b472ed36723b",
              "parentUUID": "676839c8-27fe-4bb1-b5a3-b2db213092a3",
              "isHook": false,
              "skipped": false
            }
          ],
          "suites": [],
          "passes": [
            "cdaabedd-2238-4ede-a04c-b472ed36723b"
          ],
          "failures": [],
          "pending": [],
          "skipped": [],
          "duration": 54580,
          "root": false,
          "rootEmpty": false,
          "_timeout": 2000
        }
      ],
      "passes": [],
      "failures": [],
      "pending": [],
      "skipped": [],
      "duration": 0,
      "root": true,
      "rootEmpty": true,
      "_timeout": 2000
    }
  ],
  "meta": {
    "mocha": {
      "version": "7.0.1"
    },
    "mochawesome": {
      "options": {
        "quiet": false,
        "reportFilename": "mochawesome",
        "saveHtml": false,
        "saveJson": true,
        "consoleReporter": "spec",
        "useInlineDiffs": false,
        "code": true
      },
      "version": "7.1.3"
    },
    "marge": {
      "options": {
        "reportDir": "cypress/reports",
        "overwrite": false,
        "html": false,
        "json": true,
        "charts": true,
        "reportPageTitle": "Cypress Nuxt Front : Report",
        "inlineAssets": true
      },
      "version": "6.2.0"
    }
  }
}