{
  "stats": {
    "suites": 2,
    "tests": 10,
    "passes": 10,
    "pending": 0,
    "failures": 0,
    "start": "2025-05-21T13:50:27.595Z",
    "end": "2025-05-21T13:52:36.684Z",
    "duration": 129089,
    "testsRegistered": 10,
    "passPercent": 100,
    "pendingPercent": 0,
    "other": 0,
    "hasOther": false,
    "skipped": 0,
    "hasSkipped": false
  },
  "results": [
    {
      "uuid": "4a8c1025-226b-4aef-900f-6d228058fdb0",
      "title": "",
      "fullFile": "cypress/e2e/Standalones/FO/contactUs.js",
      "file": "cypress/e2e/Standalones/FO/contactUs.js",
      "beforeHooks": [],
      "afterHooks": [],
      "tests": [],
      "suites": [
        {
          "uuid": "a7106c79-b647-46be-b130-68e8b0e8113c",
          "title": "ContactUs.js: call front-office contact_us form for https://www.preprod.laboutiqueofficielle.com",
          "fullFile": "",
          "file": "",
          "beforeHooks": [],
          "afterHooks": [],
          "tests": [
            {
              "title": "Send a correct & complete message for https://www.preprod.laboutiqueofficielle.com",
              "fullTitle": "ContactUs.js: call front-office contact_us form for https://www.preprod.laboutiqueofficielle.com Send a correct & complete message for https://www.preprod.laboutiqueofficielle.com",
              "timedOut": null,
              "duration": 13457,
              "state": "passed",
              "speed": "slow",
              "pass": true,
              "fail": false,
              "pending": false,
              "context": "\"../videos/contactUs.js.mp4\"",
              "code": "// Fill up the contact form\ncontactUsFormAssertionValidations();\ntextInsertionWarmpUpDummy();\ncy.get('[data-cy=\"name\"]').type(Cypress.env('custom_lastname'));\ncy.get('[data-cy=\"firstname\"]').type(Cypress.env('custom_firstname'));\ncy.get('[data-cy=\"email\"]').type(this.data.custom_email);\ncy.get('[data-cy=\"message\"]').type('This test is awsome :)');\nselectContactRequestReason();\ncy.validateElement('[data-cy=\"submit\"]').get('[data-cy=\"submit\"]').click({\n  force: true\n});\n// Automatic reply ==> [TO KEEP] /!\\ BUG FIX IS STILL IN PROGRESS /!\\\n/*cy.validateElement('[data-cy=\"submitMessage\"]')\ncy.get('[data-cy=\"submitMessage\"]').should('exist')*/",
              "err": {},
              "uuid": "f14daf07-afe1-4b8d-a62f-5de670e58dfd",
              "parentUUID": "a7106c79-b647-46be-b130-68e8b0e8113c",
              "isHook": false,
              "skipped": false
            },
            {
              "title": "Send a message without customer surname for https://www.preprod.laboutiqueofficielle.com",
              "fullTitle": "ContactUs.js: call front-office contact_us form for https://www.preprod.laboutiqueofficielle.com Send a message without customer surname for https://www.preprod.laboutiqueofficielle.com",
              "timedOut": null,
              "duration": 12731,
              "state": "passed",
              "speed": "slow",
              "pass": true,
              "fail": false,
              "pending": false,
              "context": "\"../videos/contactUs.js.mp4\"",
              "code": "contactUsFormAssertionValidations();\ntextInsertionWarmpUpDummy();\n// Fill up the contact form && submit\ncy.get('[data-cy=\"firstname\"]').type(Cypress.env('custom_firstname')).get('[data-cy=\"email\"]').type(this.data.custom_email).get('[data-cy=\"message\"]').type(' Where is your customer surname? :( ').get('[data-cy=\"submit\"]').click({\n  force: true\n}).get('[data-cy=\"name\"]').should('have.length', 1).get('[data-cy=\"submitMessage\"]').should('not.exist');",
              "err": {},
              "uuid": "c5740f6f-3b70-48e0-aa7e-3282cb531189",
              "parentUUID": "a7106c79-b647-46be-b130-68e8b0e8113c",
              "isHook": false,
              "skipped": false
            },
            {
              "title": "Send a message without customer first name for https://www.preprod.laboutiqueofficielle.com",
              "fullTitle": "ContactUs.js: call front-office contact_us form for https://www.preprod.laboutiqueofficielle.com Send a message without customer first name for https://www.preprod.laboutiqueofficielle.com",
              "timedOut": null,
              "duration": 12709,
              "state": "passed",
              "speed": "slow",
              "pass": true,
              "fail": false,
              "pending": false,
              "context": "\"../videos/contactUs.js.mp4\"",
              "code": "contactUsFormAssertionValidations();\ntextInsertionWarmpUpDummy();\n// Fill up the contact form && submit\ncy.get('[data-cy=\"name\"]').type(Cypress.env('custom_lastname')).validateElement('[data-cy=\"firstname\"]').get('[data-cy=\"email\"]').type(this.data.custom_email).get('[data-cy=\"message\"]').type(' Where is your customer first name? :( ').get('[data-cy=\"submit\"]').click({\n  force: true\n}).get('[data-cy=\"firstname\"]').should('have.length', 1).get('[data-cy=\"submitMessage\"]').should('not.exist');",
              "err": {},
              "uuid": "bdd89133-27f9-43e8-82fb-a44b70e93a18",
              "parentUUID": "a7106c79-b647-46be-b130-68e8b0e8113c",
              "isHook": false,
              "skipped": false
            },
            {
              "title": "Send a message with an email wrongly formatted AND/OR without any email for https://www.preprod.laboutiqueofficielle.com",
              "fullTitle": "ContactUs.js: call front-office contact_us form for https://www.preprod.laboutiqueofficielle.com Send a message with an email wrongly formatted AND/OR without any email for https://www.preprod.laboutiqueofficielle.com",
              "timedOut": null,
              "duration": 12415,
              "state": "passed",
              "speed": "slow",
              "pass": true,
              "fail": false,
              "pending": false,
              "context": "\"../videos/contactUs.js.mp4\"",
              "code": "contactUsFormAssertionValidations();\ntextInsertionWarmpUpDummy();\n// Fill up the contact form\ncy.get('[data-cy=\"name\"]').type(Cypress.env('custom_lastname')).get('[data-cy=\"firstname\"]').type(Cypress.env('custom_firstname'));\n// Email REGEX valid format\nconst uuid = () => Cypress._.random(0, 1e6);\nconst RANDOM = uuid();\nvar EMAIL_REGEX_CHECK = /^[a-zA-Z0-9.!#$%&'*+/=?^_`{|}~-]+@[a-zA-Z0-9-]+(?:\\.[a-zA-Z0-9-]+)*$/;\ncy.get('[data-cy=\"email\"]').type('test' + RANDOM + '@gmail').get('[data-cy=\"email\"]').invoke('val').should('match', EMAIL_REGEX_CHECK).get('[data-cy=\"message\"]').type(' Where is your customer email @ ? :( ');\n// select a reason and submit\nselectContactRequestReason();\ncy.get('[data-cy=\"submit\"]').click({\n  force: true\n}).get('[data-cy=\"submitMessage\"]').should('not.exist');",
              "err": {},
              "uuid": "24b51496-808d-4af9-91be-8c58ecd08ffa",
              "parentUUID": "a7106c79-b647-46be-b130-68e8b0e8113c",
              "isHook": false,
              "skipped": false
            },
            {
              "title": "Send a message without any body for https://www.preprod.laboutiqueofficielle.com",
              "fullTitle": "ContactUs.js: call front-office contact_us form for https://www.preprod.laboutiqueofficielle.com Send a message without any body for https://www.preprod.laboutiqueofficielle.com",
              "timedOut": null,
              "duration": 12346,
              "state": "passed",
              "speed": "slow",
              "pass": true,
              "fail": false,
              "pending": false,
              "context": "\"../videos/contactUs.js.mp4\"",
              "code": "contactUsFormAssertionValidations();\ntextInsertionWarmpUpDummy();\n// Fill up the contact form\ncy.get('[data-cy=\"name\"]').type(Cypress.env('custom_lastname'));\ncy.get('[data-cy=\"firstname\"]').type(Cypress.env('custom_firstname'));\ncy.get('[data-cy=\"email\"]').type(this.data.custom_email);\n// select a reason and submit\nselectContactRequestReason();\ncy.get('[data-cy=\"submit\"]').click({\n  force: true\n}).get('[data-cy=\"submitMessage\"]').should('not.exist');",
              "err": {},
              "uuid": "bf829505-e118-477a-b9db-8f33a0300499",
              "parentUUID": "a7106c79-b647-46be-b130-68e8b0e8113c",
              "isHook": false,
              "skipped": false
            }
          ],
          "suites": [],
          "passes": [
            "f14daf07-afe1-4b8d-a62f-5de670e58dfd",
            "c5740f6f-3b70-48e0-aa7e-3282cb531189",
            "bdd89133-27f9-43e8-82fb-a44b70e93a18",
            "24b51496-808d-4af9-91be-8c58ecd08ffa",
            "bf829505-e118-477a-b9db-8f33a0300499"
          ],
          "failures": [],
          "pending": [],
          "skipped": [],
          "duration": 63658,
          "root": false,
          "rootEmpty": false,
          "_timeout": 2000
        },
        {
          "uuid": "81168ef9-dacd-4b0e-81fe-cb2d546420e7",
          "title": "ContactUs.js: call front-office contact_us form for https://www.preprod.ryses.es",
          "fullFile": "",
          "file": "",
          "beforeHooks": [],
          "afterHooks": [],
          "tests": [
            {
              "title": "Send a correct & complete message for https://www.preprod.ryses.es",
              "fullTitle": "ContactUs.js: call front-office contact_us form for https://www.preprod.ryses.es Send a correct & complete message for https://www.preprod.ryses.es",
              "timedOut": null,
              "duration": 13472,
              "state": "passed",
              "speed": "slow",
              "pass": true,
              "fail": false,
              "pending": false,
              "context": "\"../videos/contactUs.js.mp4\"",
              "code": "// Fill up the contact form\ncontactUsFormAssertionValidations();\ntextInsertionWarmpUpDummy();\ncy.get('[data-cy=\"name\"]').type(Cypress.env('custom_lastname'));\ncy.get('[data-cy=\"firstname\"]').type(Cypress.env('custom_firstname'));\ncy.get('[data-cy=\"email\"]').type(this.data.custom_email);\ncy.get('[data-cy=\"message\"]').type('This test is awsome :)');\nselectContactRequestReason();\ncy.validateElement('[data-cy=\"submit\"]').get('[data-cy=\"submit\"]').click({\n  force: true\n});\n// Automatic reply ==> [TO KEEP] /!\\ BUG FIX IS STILL IN PROGRESS /!\\\n/*cy.validateElement('[data-cy=\"submitMessage\"]')\ncy.get('[data-cy=\"submitMessage\"]').should('exist')*/",
              "err": {},
              "uuid": "b25e7521-9550-4557-8c58-c9fcd3cdc473",
              "parentUUID": "81168ef9-dacd-4b0e-81fe-cb2d546420e7",
              "isHook": false,
              "skipped": false
            },
            {
              "title": "Send a message without customer surname for https://www.preprod.ryses.es",
              "fullTitle": "ContactUs.js: call front-office contact_us form for https://www.preprod.ryses.es Send a message without customer surname for https://www.preprod.ryses.es",
              "timedOut": null,
              "duration": 12312,
              "state": "passed",
              "speed": "slow",
              "pass": true,
              "fail": false,
              "pending": false,
              "context": "\"../videos/contactUs.js.mp4\"",
              "code": "contactUsFormAssertionValidations();\ntextInsertionWarmpUpDummy();\n// Fill up the contact form && submit\ncy.get('[data-cy=\"firstname\"]').type(Cypress.env('custom_firstname')).get('[data-cy=\"email\"]').type(this.data.custom_email).get('[data-cy=\"message\"]').type(' Where is your customer surname? :( ').get('[data-cy=\"submit\"]').click({\n  force: true\n}).get('[data-cy=\"name\"]').should('have.length', 1).get('[data-cy=\"submitMessage\"]').should('not.exist');",
              "err": {},
              "uuid": "64643ba0-ccae-4c7f-9b4c-2063cd202e3d",
              "parentUUID": "81168ef9-dacd-4b0e-81fe-cb2d546420e7",
              "isHook": false,
              "skipped": false
            },
            {
              "title": "Send a message without customer first name for https://www.preprod.ryses.es",
              "fullTitle": "ContactUs.js: call front-office contact_us form for https://www.preprod.ryses.es Send a message without customer first name for https://www.preprod.ryses.es",
              "timedOut": null,
              "duration": 12529,
              "state": "passed",
              "speed": "slow",
              "pass": true,
              "fail": false,
              "pending": false,
              "context": "\"../videos/contactUs.js.mp4\"",
              "code": "contactUsFormAssertionValidations();\ntextInsertionWarmpUpDummy();\n// Fill up the contact form && submit\ncy.get('[data-cy=\"name\"]').type(Cypress.env('custom_lastname')).validateElement('[data-cy=\"firstname\"]').get('[data-cy=\"email\"]').type(this.data.custom_email).get('[data-cy=\"message\"]').type(' Where is your customer first name? :( ').get('[data-cy=\"submit\"]').click({\n  force: true\n}).get('[data-cy=\"firstname\"]').should('have.length', 1).get('[data-cy=\"submitMessage\"]').should('not.exist');",
              "err": {},
              "uuid": "670f075a-5eee-41c5-98a5-c3e3ae9c279d",
              "parentUUID": "81168ef9-dacd-4b0e-81fe-cb2d546420e7",
              "isHook": false,
              "skipped": false
            },
            {
              "title": "Send a message with an email wrongly formatted AND/OR without any email for https://www.preprod.ryses.es",
              "fullTitle": "ContactUs.js: call front-office contact_us form for https://www.preprod.ryses.es Send a message with an email wrongly formatted AND/OR without any email for https://www.preprod.ryses.es",
              "timedOut": null,
              "duration": 11964,
              "state": "passed",
              "speed": "slow",
              "pass": true,
              "fail": false,
              "pending": false,
              "context": "\"../videos/contactUs.js.mp4\"",
              "code": "contactUsFormAssertionValidations();\ntextInsertionWarmpUpDummy();\n// Fill up the contact form\ncy.get('[data-cy=\"name\"]').type(Cypress.env('custom_lastname')).get('[data-cy=\"firstname\"]').type(Cypress.env('custom_firstname'));\n// Email REGEX valid format\nconst uuid = () => Cypress._.random(0, 1e6);\nconst RANDOM = uuid();\nvar EMAIL_REGEX_CHECK = /^[a-zA-Z0-9.!#$%&'*+/=?^_`{|}~-]+@[a-zA-Z0-9-]+(?:\\.[a-zA-Z0-9-]+)*$/;\ncy.get('[data-cy=\"email\"]').type('test' + RANDOM + '@gmail').get('[data-cy=\"email\"]').invoke('val').should('match', EMAIL_REGEX_CHECK).get('[data-cy=\"message\"]').type(' Where is your customer email @ ? :( ');\n// select a reason and submit\nselectContactRequestReason();\ncy.get('[data-cy=\"submit\"]').click({\n  force: true\n}).get('[data-cy=\"submitMessage\"]').should('not.exist');",
              "err": {},
              "uuid": "b5a629cb-9659-4bc4-9bb2-7c0cb8b86ed4",
              "parentUUID": "81168ef9-dacd-4b0e-81fe-cb2d546420e7",
              "isHook": false,
              "skipped": false
            },
            {
              "title": "Send a message without any body for https://www.preprod.ryses.es",
              "fullTitle": "ContactUs.js: call front-office contact_us form for https://www.preprod.ryses.es Send a message without any body for https://www.preprod.ryses.es",
              "timedOut": null,
              "duration": 12049,
              "state": "passed",
              "speed": "slow",
              "pass": true,
              "fail": false,
              "pending": false,
              "context": "\"../videos/contactUs.js.mp4\"",
              "code": "contactUsFormAssertionValidations();\ntextInsertionWarmpUpDummy();\n// Fill up the contact form\ncy.get('[data-cy=\"name\"]').type(Cypress.env('custom_lastname'));\ncy.get('[data-cy=\"firstname\"]').type(Cypress.env('custom_firstname'));\ncy.get('[data-cy=\"email\"]').type(this.data.custom_email);\n// select a reason and submit\nselectContactRequestReason();\ncy.get('[data-cy=\"submit\"]').click({\n  force: true\n}).get('[data-cy=\"submitMessage\"]').should('not.exist');",
              "err": {},
              "uuid": "f4f12048-8035-4ebd-af28-e40a0b2a8a8c",
              "parentUUID": "81168ef9-dacd-4b0e-81fe-cb2d546420e7",
              "isHook": false,
              "skipped": false
            }
          ],
          "suites": [],
          "passes": [
            "b25e7521-9550-4557-8c58-c9fcd3cdc473",
            "64643ba0-ccae-4c7f-9b4c-2063cd202e3d",
            "670f075a-5eee-41c5-98a5-c3e3ae9c279d",
            "b5a629cb-9659-4bc4-9bb2-7c0cb8b86ed4",
            "f4f12048-8035-4ebd-af28-e40a0b2a8a8c"
          ],
          "failures": [],
          "pending": [],
          "skipped": [],
          "duration": 62326,
          "root": false,
          "rootEmpty": false,
          "_timeout": 2000
        }
      ],
      "passes": [],
      "failures": [],
      "pending": [],
      "skipped": [],
      "duration": 0,
      "root": true,
      "rootEmpty": true,
      "_timeout": 2000
    }
  ],
  "meta": {
    "mocha": {
      "version": "7.2.0"
    },
    "mochawesome": {
      "options": {
        "quiet": false,
        "reportFilename": "mochawesome",
        "saveHtml": false,
        "saveJson": true,
        "consoleReporter": "spec",
        "useInlineDiffs": false,
        "code": true
      },
      "version": "7.1.3"
    },
    "marge": {
      "options": {
        "reportDir": "cypress/reports",
        "overwrite": false,
        "html": false,
        "json": true,
        "charts": true,
        "reportPageTitle": "Cypress Nuxt Front : Report",
        "inlineAssets": true
      },
      "version": "6.2.0"
    }
  }
}