{
  "stats": {
    "suites": 1,
    "tests": 1,
    "passes": 0,
    "pending": 0,
    "failures": 1,
    "start": "2025-04-15T05:52:58.528Z",
    "end": "2025-04-15T05:53:42.510Z",
    "duration": 43982,
    "testsRegistered": 1,
    "passPercent": 0,
    "pendingPercent": 0,
    "other": 0,
    "hasOther": false,
    "skipped": 0,
    "hasSkipped": false
  },
  "results": [
    {
      "uuid": "d4cbaceb-e30e-4275-84c2-b84440679417",
      "title": "",
      "fullFile": "cypress/e2e/Standalones/FO/addNewUserWithinTunnelAndPayWithDSP2.js",
      "file": "cypress/e2e/Standalones/FO/addNewUserWithinTunnelAndPayWithDSP2.js",
      "beforeHooks": [],
      "afterHooks": [],
      "tests": [],
      "suites": [
        {
          "uuid": "87f892d6-f78b-4dc4-abbe-f3b3e6007dcb",
          "title": "Add new account && shipping address within the checkout tunnel",
          "fullFile": "",
          "file": "",
          "beforeHooks": [],
          "afterHooks": [],
          "tests": [
            {
              "title": "Add a new subscription and shipping address processon macbook-15",
              "fullTitle": "Add new account && shipping address within the checkout tunnel Add a new subscription and shipping address processon macbook-15",
              "timedOut": null,
              "duration": 43953,
              "state": "failed",
              "speed": null,
              "pass": false,
              "fail": true,
              "pending": false,
              "context": "[\n  \"../screenshots/addNewUserWithinTunnelAndPayWithDSP2.js/Add new account && shipping address within the checkout tunnel -- Add a new subscription and shipping address processon macbook-15 (failed).png\",\n  \"../videos/addNewUserWithinTunnelAndPayWithDSP2.js.mp4\"\n]",
              "code": "cy.fixture('stores').then(stores => {\n  stores.forEach(store => {\n    cy.visit(store, {\n      failOnStatusCode: false\n    }, {\n      responseTimeout: 10000\n    }, {\n      followRedirect: true\n    });\n    cy.acceptCookies();\n    cy.addProductToBasket();\n    cy.productSizer();\n    cy.basketValidation();\n    cy.intercept({\n      method: 'POST',\n      url: 'https://stage-data.hipay.com/checkout-data'\n    }).as('hipayDataValidation');\n    // Customer registration\n    cy.wait(3000); /* To keep for CI tests */\n    cy.validateElement('[data-cy=\"customer-registration\"]').get('[data-cy=\"customer-registration\"]').should('be.visible').click({\n      force: true\n    }).customInfo().validateElement('[data-cy=submit] > .c-btn').get('[data-cy=submit] > .c-btn').click({\n      force: true\n    });\n    // Add new shipping addresse and proceed to basket checkout\n    cy.customerShippingAddress.addShippingAddresse().fillAddressBasedOnUrl();\n    cy.selectShippingMethod();\n    cy.frictionlessCreditCardPayment();\n    // Credit card payment and purchase validation\n    cy.validateElement('.c-confirm__header', {\n      timeout: 20000\n    });\n    cy.validateElement('.c-confirm__title', {\n      timeout: 20000\n    });\n    cy.validateElement('.c-confirm__subtitle', {\n      timeout: 20000\n    });\n    cy.validateElement('.c-confirm-shipping', {\n      timeout: 20000\n    });\n    cy.visit(store + '/account/history');\n    cy.get(':nth-child(1) > .c-order-item', {\n      timeout: 20000\n    }).should('have.length.gt', 0);\n  });\n});",
              "err": {
                "message": "AssertionError: Timed out retrying after 30000ms: Expected to find element: `.c-modal-simple`, but never found it.",
                "estack": "AssertionError: Timed out retrying after 30000ms: Expected to find element: `.c-modal-simple`, but never found it.\n    at OrderProductSizerHelper.selectAvailableSize (webpack://cypress-automation/./cypress/support/pageModels.js:208:18)\n    at Context.eval (webpack://cypress-automation/./cypress/support/pageModels.js:338:56)\n    at getRet (https://www.preprod.laboutiqueofficielle.com/__cypress/runner/cypress_runner.js:118322:20)\n    at tryCatcher (https://www.preprod.laboutiqueofficielle.com/__cypress/runner/cypress_runner.js:1777:23)\n    at Promise.attempt.Promise.try (https://www.preprod.laboutiqueofficielle.com/__cypress/runner/cypress_runner.js:4285:29)\n    at Context.thenFn (https://www.preprod.laboutiqueofficielle.com/__cypress/runner/cypress_runner.js:118333:66)\n    at Context.then (https://www.preprod.laboutiqueofficielle.com/__cypress/runner/cypress_runner.js:118584:21)\n    at wrapped (https://www.preprod.laboutiqueofficielle.com/__cypress/runner/cypress_runner.js:138835:19)",
                "diff": null
              },
              "uuid": "3bd69a19-35da-43e8-b2b6-6eceb927732b",
              "parentUUID": "87f892d6-f78b-4dc4-abbe-f3b3e6007dcb",
              "isHook": false,
              "skipped": false
            }
          ],
          "suites": [],
          "passes": [],
          "failures": [
            "3bd69a19-35da-43e8-b2b6-6eceb927732b"
          ],
          "pending": [],
          "skipped": [],
          "duration": 43953,
          "root": false,
          "rootEmpty": false,
          "_timeout": 2000
        }
      ],
      "passes": [],
      "failures": [],
      "pending": [],
      "skipped": [],
      "duration": 0,
      "root": true,
      "rootEmpty": true,
      "_timeout": 2000
    }
  ],
  "meta": {
    "mocha": {
      "version": "7.0.1"
    },
    "mochawesome": {
      "options": {
        "quiet": false,
        "reportFilename": "mochawesome",
        "saveHtml": false,
        "saveJson": true,
        "consoleReporter": "spec",
        "useInlineDiffs": false,
        "code": true
      },
      "version": "7.1.3"
    },
    "marge": {
      "options": {
        "reportDir": "cypress/reports",
        "overwrite": false,
        "html": false,
        "json": true,
        "charts": true,
        "reportPageTitle": "Cypress Nuxt Front : Report",
        "inlineAssets": true
      },
      "version": "6.2.0"
    }
  }
}