{
  "stats": {
    "suites": 2,
    "tests": 2,
    "passes": 1,
    "pending": 0,
    "failures": 1,
    "start": "2025-05-28T08:13:06.373Z",
    "end": "2025-05-28T08:15:21.421Z",
    "duration": 135048,
    "testsRegistered": 2,
    "passPercent": 50,
    "pendingPercent": 0,
    "other": 0,
    "hasOther": false,
    "skipped": 0,
    "hasSkipped": false
  },
  "results": [
    {
      "uuid": "15592510-be37-44bd-b9e2-d0ffd16bc36e",
      "title": "",
      "fullFile": "cypress/e2e/Standalones/FO/checkoutSepa.js",
      "file": "cypress/e2e/Standalones/FO/checkoutSepa.js",
      "beforeHooks": [],
      "afterHooks": [],
      "tests": [],
      "suites": [
        {
          "uuid": "01576270-7aec-4b15-8f88-d3194055e215",
          "title": "addNewAccount.js: call LBO front-office subscription form, env de test",
          "fullFile": "",
          "file": "",
          "beforeHooks": [],
          "afterHooks": [],
          "tests": [
            {
              "title": "Add a new subscription (client) process on macbook-15",
              "fullTitle": "addNewAccount.js: call LBO front-office subscription form, env de test Add a new subscription (client) process on macbook-15",
              "timedOut": null,
              "duration": 55926,
              "state": "passed",
              "speed": "slow",
              "pass": true,
              "fail": false,
              "pending": false,
              "context": "\"../videos/checkoutSepa.js.mp4\"",
              "code": "cy.fixture('stores').then(stores => {\n  stores.forEach(store => {\n    cy.visit(store);\n    cy.acceptCookies();\n    cy.visit(`${store}/login?mode=connection`, {\n      failOnStatusCode: false\n    });\n    cy.validateElement('[data-cy=customer-registration]').wait(2000);\n    cy.get('[data-cy=customer-registration]').click({\n      force: true\n    });\n    cy.url().should('contain', 'login?mode=connection');\n    // Customer registration\n    cy.acceptCookies();\n    cy.customInfo();\n    // Confirm subscription\n    cy.validateElement('[data-cy=submit] > .c-btn');\n    cy.get('[data-cy=submit] > .c-btn').click({\n      force: true\n    });\n    cy.wait(3000); /* TO KEEP FOR CI TESTS */\n    cy.validateElement('.c-form-message');\n  });\n});",
              "err": {},
              "uuid": "13272a53-c3b4-4e8b-95c3-2502f72134d5",
              "parentUUID": "01576270-7aec-4b15-8f88-d3194055e215",
              "isHook": false,
              "skipped": false
            }
          ],
          "suites": [],
          "passes": [
            "13272a53-c3b4-4e8b-95c3-2502f72134d5"
          ],
          "failures": [],
          "pending": [],
          "skipped": [],
          "duration": 55926,
          "root": false,
          "rootEmpty": false,
          "_timeout": 2000
        },
        {
          "uuid": "3de104db-4fe5-4ccb-99eb-b1e3e86d27ea",
          "title": "This test will validate SEPA checkout process",
          "fullFile": "",
          "file": "",
          "beforeHooks": [],
          "afterHooks": [],
          "tests": [
            {
              "title": "Go to products listing with a price higher than 150 euros on macbook-15",
              "fullTitle": "This test will validate SEPA checkout process Go to products listing with a price higher than 150 euros on macbook-15",
              "timedOut": null,
              "duration": 78495,
              "state": "failed",
              "speed": null,
              "pass": false,
              "fail": true,
              "pending": false,
              "context": "[\n  \"../screenshots/checkoutSepa.js/This test will validate SEPA checkout process -- Go to products listing with a price higher than 150 euros on macbook-15 (failed).png\",\n  \"../videos/checkoutSepa.js.mp4\"\n]",
              "code": "cy.fixture('stores').then(stores => {\n  stores.forEach(store => {\n    cy.visit(store, {\n      failOnStatusCode: false\n    }, {\n      responseTimeout: 10000\n    }, {\n      followRedirect: true\n    });\n    cy.acceptCookies();\n    cy.customLogin();\n    cy.listingApiCalls();\n    cy.commonApiInterception();\n    // Continue with the checkout process\n    cy.fixture('shippingInfo.json').then(shippingInfo => {\n      cy.addShippingAddress();\n      cy.basketCreationProcess({\n        store\n      });\n      cy.basketValidation(store);\n      cy.selectShippingMethod(store);\n      // Set the altValue based on the store\n      let altValue = '';\n      if (store.includes(shippingInfo.FRANCE.storeUrl)) {\n        altValue = 'Virement Bancaire';\n      } else if (store.includes(shippingInfo.SPAIN.fullUrl) || store.includes(shippingInfo.ITALY.fullUrl)) {\n        cy.wrap(store).should(storeValue => {\n          expect(storeValue).to.include.oneOf([shippingInfo.SPAIN.fullUrl, shippingInfo.ITALY.fullUrl]);\n        });\n        altValue = 'Transferencia bancaria';\n      } else {\n        throw new Error('Invalid country URL.');\n      }\n      // SEPA payment method\n      cy.get('body').then(payment => {\n        let sepaPayment;\n        cy.validateElement('.c-payment-method-item__wrapper > :nth-child(2) > :nth-child(1) > .c-payment-method-item__button');\n        cy.get('.c-payment-method-item__wrapper > :nth-child(2) > :nth-child(1) > .c-payment-method-item__button').click({\n          force: true\n        }).get(`[alt='${altValue}']`).then(sepaPaymentMethod => {\n          sepaPayment = sepaPaymentMethod;\n          if (payment.find(sepaPayment).length > 0) {\n            sepaPayment.trigger(\"click\");\n          } else {\n            throw new Error('SEPA payment method is either not activated for this test OR something went wrong');\n          }\n        });\n      });\n    });\n    // Validate this payment method and pay\n    cy.validateElement('[data-cy=\"submit-basket\"]');\n    cy.get('[data-cy=\"submit-basket\"]').click({\n      force: true\n    });\n    // Successful payment validation\n    cy.validateElement('.c-confirm__header', {\n      timeout: 20000\n    });\n    cy.validateElement('.c-confirm__title');\n    cy.validateElement('.c-confirm__subtitle');\n  });\n});",
              "err": {
                "message": "AssertionError: Timed out retrying after 30000ms: Expected to find element: `.c-payment-method-item__wrapper > :nth-child(2) > :nth-child(1) > .c-payment-method-item__button`, but never found it.",
                "estack": "AssertionError: Timed out retrying after 30000ms: Expected to find element: `.c-payment-method-item__wrapper > :nth-child(2) > :nth-child(1) > .c-payment-method-item__button`, but never found it.\n    at Context.eval (webpack://cypress-automation/./cypress/support/commonCommands.js:216:5)\n    at wrapped (https://www.preprod.laboutiqueofficielle.com/__cypress/runner/cypress_runner.js:141125:43)",
                "diff": null
              },
              "uuid": "b0d0a823-a51a-476d-b052-ddf3e6b25e63",
              "parentUUID": "3de104db-4fe5-4ccb-99eb-b1e3e86d27ea",
              "isHook": false,
              "skipped": false
            }
          ],
          "suites": [],
          "passes": [],
          "failures": [
            "b0d0a823-a51a-476d-b052-ddf3e6b25e63"
          ],
          "pending": [],
          "skipped": [],
          "duration": 78495,
          "root": false,
          "rootEmpty": false,
          "_timeout": 2000
        }
      ],
      "passes": [],
      "failures": [],
      "pending": [],
      "skipped": [],
      "duration": 0,
      "root": true,
      "rootEmpty": true,
      "_timeout": 2000
    }
  ],
  "meta": {
    "mocha": {
      "version": "7.2.0"
    },
    "mochawesome": {
      "options": {
        "quiet": false,
        "reportFilename": "mochawesome",
        "saveHtml": false,
        "saveJson": true,
        "consoleReporter": "spec",
        "useInlineDiffs": false,
        "code": true
      },
      "version": "7.1.3"
    },
    "marge": {
      "options": {
        "reportDir": "cypress/reports",
        "overwrite": false,
        "html": false,
        "json": true,
        "charts": true,
        "reportPageTitle": "Cypress Nuxt Front : Report",
        "inlineAssets": true
      },
      "version": "6.2.0"
    }
  }
}