{
  "stats": {
    "suites": 1,
    "tests": 1,
    "passes": 1,
    "pending": 0,
    "failures": 0,
    "start": "2025-03-13T11:29:20.679Z",
    "end": "2025-03-13T11:32:49.490Z",
    "duration": 208811,
    "testsRegistered": 1,
    "passPercent": 100,
    "pendingPercent": 0,
    "other": 0,
    "hasOther": false,
    "skipped": 0,
    "hasSkipped": false
  },
  "results": [
    {
      "uuid": "989ad4c2-19ec-432f-b9ce-90f335f2771a",
      "title": "",
      "fullFile": "cypress/e2e/Checkout/addNewUserWithinTunnelAndPayWithDSP2.js",
      "file": "cypress/e2e/Checkout/addNewUserWithinTunnelAndPayWithDSP2.js",
      "beforeHooks": [],
      "afterHooks": [],
      "tests": [],
      "suites": [
        {
          "uuid": "67d908ef-461a-4f19-b274-8057051e52c6",
          "title": "Add new account && shipping address within the checkout tunnel",
          "fullFile": "",
          "file": "",
          "beforeHooks": [],
          "afterHooks": [],
          "tests": [
            {
              "title": "Add a new subscription and shipping address processon macbook-15",
              "fullTitle": "Add new account && shipping address within the checkout tunnel Add a new subscription and shipping address processon macbook-15",
              "timedOut": null,
              "duration": 208744,
              "state": "passed",
              "speed": "slow",
              "pass": true,
              "fail": false,
              "pending": false,
              "context": "\"../videos/addNewUserWithinTunnelAndPayWithDSP2.js.mp4\"",
              "code": "cy.fixture('stores').then(stores => {\n  stores.forEach(store => {\n    cy.visit(store, {\n      failOnStatusCode: false\n    }, {\n      responseTimeout: 10000\n    }, {\n      followRedirect: true\n    });\n    cy.acceptCookies();\n    cy.addProductToBasket();\n    cy.productSizer();\n    cy.basketValidation();\n    cy.intercept({\n      method: 'POST',\n      url: 'https://stage-data.hipay.com/checkout-data'\n    }).as('hipayDataValidation');\n    // Customer registration\n    cy.validateElement('[data-cy=\"customer-registration\"]').get('[data-cy=\"customer-registration\"]').should('be.visible').click({\n      force: true\n    }).customInfo().validateElement('[data-cy=submit] > .c-btn').get('[data-cy=submit] > .c-btn').click({\n      force: true\n    });\n    // Add new shipping addresse and proceed to basket checkout\n    cy.customerShippingAddress.addShippingAddresse().fillAddressBasedOnUrl();\n    cy.selectShippingMethod();\n    cy.frictionlessCreditCardPayment();\n    // Credit card payment and purchase validation\n    cy.validateElement('.c-confirm__header', {\n      timeout: 20000\n    });\n    cy.validateElement('.c-confirm__title', {\n      timeout: 20000\n    });\n    cy.validateElement('.c-confirm__subtitle', {\n      timeout: 20000\n    });\n    cy.validateElement('.c-confirm-shipping', {\n      timeout: 20000\n    });\n    cy.visit(store + '/account/history');\n    cy.get(':nth-child(1) > .c-order-item', {\n      timeout: 20000\n    }).should('have.length.gt', 0);\n  });\n});",
              "err": {},
              "uuid": "622aa799-23da-4aff-b007-8c8c30743cbe",
              "parentUUID": "67d908ef-461a-4f19-b274-8057051e52c6",
              "isHook": false,
              "skipped": false
            }
          ],
          "suites": [],
          "passes": [
            "622aa799-23da-4aff-b007-8c8c30743cbe"
          ],
          "failures": [],
          "pending": [],
          "skipped": [],
          "duration": 208744,
          "root": false,
          "rootEmpty": false,
          "_timeout": 2000
        }
      ],
      "passes": [],
      "failures": [],
      "pending": [],
      "skipped": [],
      "duration": 0,
      "root": true,
      "rootEmpty": true,
      "_timeout": 2000
    }
  ],
  "meta": {
    "mocha": {
      "version": "7.0.1"
    },
    "mochawesome": {
      "options": {
        "quiet": false,
        "reportFilename": "mochawesome",
        "saveHtml": false,
        "saveJson": true,
        "consoleReporter": "spec",
        "useInlineDiffs": false,
        "code": true
      },
      "version": "7.1.3"
    },
    "marge": {
      "options": {
        "reportDir": "cypress/reports",
        "overwrite": false,
        "html": false,
        "json": true,
        "charts": true,
        "reportPageTitle": "Cypress Nuxt Front : Report",
        "inlineAssets": true
      },
      "version": "6.2.0"
    }
  }
}