{
  "stats": {
    "suites": 2,
    "tests": 3,
    "passes": 1,
    "pending": 0,
    "failures": 2,
    "start": "2025-05-05T06:31:00.492Z",
    "end": "2025-05-05T06:33:51.496Z",
    "duration": 171004,
    "testsRegistered": 3,
    "passPercent": 33.33333333333333,
    "pendingPercent": 0,
    "other": 0,
    "hasOther": false,
    "skipped": 0,
    "hasSkipped": false
  },
  "results": [
    {
      "uuid": "dd8abf0d-1c4b-468d-9a7c-316f8a9abcd0",
      "title": "",
      "fullFile": "cypress/e2e/Standalones/FO/checkoutBackOfficeVoucher.js",
      "file": "cypress/e2e/Standalones/FO/checkoutBackOfficeVoucher.js",
      "beforeHooks": [],
      "afterHooks": [],
      "tests": [],
      "suites": [
        {
          "uuid": "a1ab8fc8-7c10-4660-985d-e97c579b2901",
          "title": "addNewAccount.js: call LBO front-office subscription form, env de test",
          "fullFile": "",
          "file": "",
          "beforeHooks": [],
          "afterHooks": [],
          "tests": [
            {
              "title": "Add a new subscription (client) process on macbook-15",
              "fullTitle": "addNewAccount.js: call LBO front-office subscription form, env de test Add a new subscription (client) process on macbook-15",
              "timedOut": null,
              "duration": 52289,
              "state": "passed",
              "speed": "slow",
              "pass": true,
              "fail": false,
              "pending": false,
              "context": "\"../videos/checkoutBackOfficeVoucher.js.mp4\"",
              "code": "cy.fixture('stores').then(stores => {\n  stores.forEach(store => {\n    cy.visit(store);\n    cy.acceptCookies();\n    cy.visit(`${store}/login?mode=connection`, {\n      failOnStatusCode: false\n    });\n    cy.validateElement('[data-cy=customer-registration]').wait(2000);\n    cy.get('[data-cy=customer-registration]').click({\n      force: true\n    });\n    cy.url().should('contain', 'login?mode=connection');\n    // Customer registration\n    cy.acceptCookies();\n    cy.customInfo();\n    // Confirm subscription\n    cy.validateElement('[data-cy=submit] > .c-btn');\n    cy.get('[data-cy=submit] > .c-btn').click({\n      force: true\n    });\n    cy.wait(3000); /* TO KEEP FOR CI TESTS */\n    cy.validateElement('.c-form-message');\n  });\n});",
              "err": {},
              "uuid": "58ae3384-9874-47cc-a814-c6e35ab4d0c9",
              "parentUUID": "a1ab8fc8-7c10-4660-985d-e97c579b2901",
              "isHook": false,
              "skipped": false
            }
          ],
          "suites": [],
          "passes": [
            "58ae3384-9874-47cc-a814-c6e35ab4d0c9"
          ],
          "failures": [],
          "pending": [],
          "skipped": [],
          "duration": 52289,
          "root": false,
          "rootEmpty": false,
          "_timeout": 2000
        },
        {
          "uuid": "5b851b6d-c814-4d0f-9206-902eeea497e3",
          "title": "Validate checkout with a voucher created from BO && Combine it with another payment method",
          "fullFile": "",
          "file": "",
          "beforeHooks": [],
          "afterHooks": [],
          "tests": [
            {
              "title": "Checkout an small amounr order only with voucher",
              "fullTitle": "Validate checkout with a voucher created from BO && Combine it with another payment method Checkout an small amounr order only with voucher",
              "timedOut": null,
              "duration": 65247,
              "state": "failed",
              "speed": null,
              "pass": false,
              "fail": true,
              "pending": false,
              "context": "[\n  \"../screenshots/checkoutBackOfficeVoucher.js/Validate checkout with a voucher created from BO && Combine it with another payment method -- Checkout an small amounr order only with voucher (failed).png\",\n  \"../videos/checkoutBackOfficeVoucher.js.mp4\"\n]",
              "code": "cy.fixture('stores').then(stores => {\n  stores.forEach(store => {\n    cy.visit(store, {\n      failOnStatusCode: false,\n      responseTimeout: 10000,\n      followRedirect: true\n    });\n    cy.acceptCookies();\n    cy.customLogin(store);\n    cy.listingApiCalls();\n    cy.commonApiInterception();\n    cy.addShippingAddress();\n    cy.visitRandomProductListing(store, {\n      priceRange: 'prices=5~10',\n      category: '/accessoires-c1?'\n    });\n    cy.AddProductToBasketForFilteredListing();\n    cy.basketValidation();\n    cy.selectShippingMethod();\n    cy.intercept('GET', '**/v4/secure/checkout/payments/available/**').as('basketDataValidation');\n    cy.intercept('POST', 'https://stage-data.hipay.com/checkout-data').as('hipayDataValidation');\n    cy.validateVoucherSelection();\n    cy.creditVoucherPayment();\n    cy.validateVoucherPaymentConfirmation();\n  });\n});",
              "err": {
                "message": "Error: Shipping method selection failed. No valid buttons found.",
                "estack": "Error: Shipping method selection failed. No valid buttons found.\n    at Context.eval (webpack://cypress-automation/./cypress/support/pageModels.js:196:22)\n    at getRet (https://back-office.preprod.laboutiqueofficielle.com/__cypress/runner/cypress_runner.js:119652:20)\n    at tryCatcher (https://back-office.preprod.laboutiqueofficielle.com/__cypress/runner/cypress_runner.js:1777:23)\n    at Promise.attempt.Promise.try (https://back-office.preprod.laboutiqueofficielle.com/__cypress/runner/cypress_runner.js:4285:29)\n    at Context.thenFn (https://back-office.preprod.laboutiqueofficielle.com/__cypress/runner/cypress_runner.js:119663:66)\n    at Context.then (https://back-office.preprod.laboutiqueofficielle.com/__cypress/runner/cypress_runner.js:119914:21)\n    at wrapped (https://back-office.preprod.laboutiqueofficielle.com/__cypress/runner/cypress_runner.js:140191:19)\n    at <unknown> (https://back-office.preprod.laboutiqueofficielle.com/__cypress/runner/cypress_runner.js:146136:15)\n    at tryCatcher (https://back-office.preprod.laboutiqueofficielle.com/__cypress/runner/cypress_runner.js:1777:23)",
                "diff": null
              },
              "uuid": "137f1c2c-fd7b-4769-b788-bbd7361987ba",
              "parentUUID": "5b851b6d-c814-4d0f-9206-902eeea497e3",
              "isHook": false,
              "skipped": false
            },
            {
              "title": "Checkout with voucher combining with another payment method",
              "fullTitle": "Validate checkout with a voucher created from BO && Combine it with another payment method Checkout with voucher combining with another payment method",
              "timedOut": null,
              "duration": 48019,
              "state": "failed",
              "speed": null,
              "pass": false,
              "fail": true,
              "pending": false,
              "context": "[\n  \"../screenshots/checkoutBackOfficeVoucher.js/Validate checkout with a voucher created from BO && Combine it with another payment method -- Checkout with voucher combining with another payment method (failed).png\",\n  \"../videos/checkoutBackOfficeVoucher.js.mp4\"\n]",
              "code": "cy.fixture('stores').then(stores => {\n  stores.forEach(store => {\n    cy.log('Visiting store');\n    cy.visit(store, {\n      failOnStatusCode: false,\n      responseTimeout: 10000,\n      followRedirect: true\n    });\n    cy.acceptCookies();\n    cy.customLogin();\n    cy.listingApiCalls();\n    cy.commonApiInterception();\n    cy.addShippingAddress();\n    cy.addProductToBasket();\n    cy.productSizer();\n    cy.basketValidation();\n    cy.selectShippingMethod();\n    cy.intercept('GET', '**v4/secure/checkout/payments/available/**').as('basketDataValidation');\n    cy.intercept('POST', 'https://stage-data.hipay.com/checkout-data').as('hipayDataValidation');\n    cy.validateVoucherSelection();\n    cy.creditVoucherPayment();\n    cy.validateVoucherPaymentConfirmation();\n  });\n});",
              "err": {
                "message": "CypressError: Timed out retrying after 30050ms: `cy.select()` failed because this element:\n\n`<select name=\"bon_achat_statut_id\" title=\"Le champ Etat est requis\" class=\"required validation-passed\" id=\"input_bon_achat_statut_id\">...</select>`\n\nis being covered by another element:\n\n`<div class=\"lbo-lightbox-background js-close-popup\" style=\"width: 1440px; height: 900px; cursor: pointer;\"></div>`\n\nFix this problem, or use {force: true} to disable error checking.\n\nhttps://on.cypress.io/element-cannot-be-interacted-with\n\nBecause this error occurred during a `before all` hook we are skipping the remaining tests in the current suite: `Validate checkout with a vo...`",
                "estack": "CypressError: Timed out retrying after 30050ms: `cy.select()` failed because this element:\n\n`<select name=\"bon_achat_statut_id\" title=\"Le champ Etat est requis\" class=\"required validation-passed\" id=\"input_bon_achat_statut_id\">...</select>`\n\nis being covered by another element:\n\n`<div class=\"lbo-lightbox-background js-close-popup\" style=\"width: 1440px; height: 900px; cursor: pointer;\"></div>`\n\nFix this problem, or use {force: true} to disable error checking.\n\nhttps://on.cypress.io/element-cannot-be-interacted-with\n\nBecause this error occurred during a `before all` hook we are skipping the remaining tests in the current suite: `Validate checkout with a vo...`\n    at ensureIsDescendent (https://back-office.preprod.laboutiqueofficielle.com/__cypress/runner/cypress_runner.js:113093:68)\n    at ensureDescendents (https://back-office.preprod.laboutiqueofficielle.com/__cypress/runner/cypress_runner.js:113144:5)\n    at ensureDescendentsAndScroll (https://back-office.preprod.laboutiqueofficielle.com/__cypress/runner/cypress_runner.js:113150:14)\n    at ensureElIsNotCovered (https://back-office.preprod.laboutiqueofficielle.com/__cypress/runner/cypress_runner.js:113281:5)\n    at runAllChecks (https://back-office.preprod.laboutiqueofficielle.com/__cypress/runner/cypress_runner.js:113480:52)\n    at retryActionability (https://back-office.preprod.laboutiqueofficielle.com/__cypress/runner/cypress_runner.js:113517:16)\n    at tryCatcher (https://back-office.preprod.laboutiqueofficielle.com/__cypress/runner/cypress_runner.js:1777:23)\n    at Promise.attempt.Promise.try (https://back-office.preprod.laboutiqueofficielle.com/__cypress/runner/cypress_runner.js:4285:29)\n    at whenStable (https://back-office.preprod.laboutiqueofficielle.com/__cypress/runner/cypress_runner.js:145864:68)\n    at <unknown> (https://back-office.preprod.laboutiqueofficielle.com/__cypress/runner/cypress_runner.js:145805:14)\n    at tryCatcher (https://back-office.preprod.laboutiqueofficielle.com/__cypress/runner/cypress_runner.js:1777:23)\n    at Promise._settlePromiseFromHandler (https://back-office.preprod.laboutiqueofficielle.com/__cypress/runner/cypress_runner.js:1489:31)\n    at Promise._settlePromise (https://back-office.preprod.laboutiqueofficielle.com/__cypress/runner/cypress_runner.js:1546:18)\n    at Promise._settlePromise0 (https://back-office.preprod.laboutiqueofficielle.com/__cypress/runner/cypress_runner.js:1591:10)\n    at Promise._settlePromises (https://back-office.preprod.laboutiqueofficielle.com/__cypress/runner/cypress_runner.js:1671:18)\n    at Promise._fulfill (https://back-office.preprod.laboutiqueofficielle.com/__cypress/runner/cypress_runner.js:1615:18)\n    at <unknown> (https://back-office.preprod.laboutiqueofficielle.com/__cypress/runner/cypress_runner.js:5420:46)",
                "diff": null
              },
              "uuid": "12c1009d-f224-45d4-b88d-5d99538543b9",
              "parentUUID": "5b851b6d-c814-4d0f-9206-902eeea497e3",
              "isHook": false,
              "skipped": false
            }
          ],
          "suites": [],
          "passes": [],
          "failures": [
            "137f1c2c-fd7b-4769-b788-bbd7361987ba",
            "12c1009d-f224-45d4-b88d-5d99538543b9"
          ],
          "pending": [],
          "skipped": [],
          "duration": 113266,
          "root": false,
          "rootEmpty": false,
          "_timeout": 2000
        }
      ],
      "passes": [],
      "failures": [],
      "pending": [],
      "skipped": [],
      "duration": 0,
      "root": true,
      "rootEmpty": true,
      "_timeout": 2000
    }
  ],
  "meta": {
    "mocha": {
      "version": "7.2.0"
    },
    "mochawesome": {
      "options": {
        "quiet": false,
        "reportFilename": "mochawesome",
        "saveHtml": false,
        "saveJson": true,
        "consoleReporter": "spec",
        "useInlineDiffs": false,
        "code": true
      },
      "version": "7.1.3"
    },
    "marge": {
      "options": {
        "reportDir": "cypress/reports",
        "overwrite": false,
        "html": false,
        "json": true,
        "charts": true,
        "reportPageTitle": "Cypress Nuxt Front : Report",
        "inlineAssets": true
      },
      "version": "6.2.0"
    }
  }
}